# stats: dump at 1693243741
stats: users 4499 4501
stats: {cpu,"tsung_controller@MacBook-Pro-Pisklov"} 1 44.40184274390208 0 44.40184274390208 44.40184274390208 0 0
stats: {load,"tsung_controller@MacBook-Pro-Pisklov"} 1 28.61328125 0 28.61328125 28.61328125 0 0
stats: {freemem,"tsung_controller@MacBook-Pro-Pisklov"} 1 84.203125 0 84.203125 84.203125 0 0
stats: session 17189 63.21109098842266 595.0128737262429 8788.209 1.913 0 0
stats: users_count 21688 21688
stats: finish_users_count 17189 17189
stats: request 16891 57.216485406429655 562.5145851793297 8468.302 0.521 0 0
stats: connect 17401 0.9840618929946632 4.109880649799574 143.348 0.116 0 0
stats: error_send_einval 1 1
stats: page 16891 57.216485406429655 562.5145851793297 8468.302 0.521 0 0
stats: 200 191 191
stats: error_unknown_msg 1 1
stats: size_rcv 172062 172062
stats: size_sent 5158764 5158764
stats: connected 509 509
# stats: dump at 1693243751
stats: users 10266 10417
stats: {cpu,"tsung_controller@MacBook-Pro-Pisklov"} 1 87.6896794292031 0.0 87.6896794292031 44.40184274390208 44.40184274390208 1
stats: {load,"tsung_controller@MacBook-Pro-Pisklov"} 1 26.1796875 0.0 28.61328125 26.1796875 28.61328125 1
stats: {freemem,"tsung_controller@MacBook-Pro-Pisklov"} 1 51.5625 0.0 84.203125 51.5625 84.203125 1
stats: session 13944 1613.1642063970223 3044.8544888415736 18775.697 1.913 63.21109098842266 17189
stats: users_count 19711 41399
stats: finish_users_count 13944 31133
stats: connect 6156 3082.148212475631 3355.654019763701 7089.469 0.116 0.9840618929946632 17401
stats: request 6142 3453.641875936177 3754.4152561881197 18387.683 0.521 57.216485406429655 16891
stats: page 6142 3453.641875936177 3754.4152561881197 18387.683 0.521 57.216485406429655 16891
stats: error_send_einval 6 7
stats: 200 205 396
stats: error_unknown_msg 6 7
stats: size_rcv 178729 350791
stats: error_connect_emfile 35889 35889
stats: size_sent 1821046 6979810
stats: connected 1 510
stats: error_connection_closed 7 7
stats: error_connect_econnreset 53 53
stats: error_abort_max_conn_retries 7911 7911
# stats: dump at 1693243761
stats: users 10359 10455
stats: {cpu,"tsung_controller@MacBook-Pro-Pisklov"} 0 0 0 87.6896794292031 44.40184274390208 66.04576108655259 2
stats: {load,"tsung_controller@MacBook-Pro-Pisklov"} 0 0 0 28.61328125 26.1796875 27.396484375 2
stats: {freemem,"tsung_controller@MacBook-Pro-Pisklov"} 0 0 0 84.203125 51.5625 67.8828125 2
stats: session 23945 657.544458300272 2775.0499777894306 22760.074 1.913 757.4116576301698 31133
stats: users_count 24038 65437
stats: finish_users_count 23945 55078
stats: request 2175 6767.1616344827735 6697.302513629086 22758.041 0.521 962.9102616680417 23033
stats: connect 2184 4594.7795718864545 3974.9546353356527 13114.59 0.116 806.1649640022068 23557
stats: page 2175 6767.1616344827735 6697.302513629086 22758.041 0.521 962.9102616680417 23033
stats: error_send_einval 1 8
stats: 200 271 667
stats: error_unknown_msg 1 8
stats: size_rcv 241542 592333
stats: error_connect_emfile 90389 126278
stats: size_sent 645836 7625646
stats: connected 0 510
stats: error_connection_closed 6 13
stats: error_connect_econnreset 0 53
stats: error_abort_max_conn_retries 21894 29805
stats: error_abort_max_send_retries 2 2
# stats: dump at 1693243771
stats: users 9025 10455
stats: {cpu,"tsung_controller@MacBook-Pro-Pisklov"} 1 49.065630815679405 0.0 87.6896794292031 44.40184274390208 66.04576108655259 2
stats: {load,"tsung_controller@MacBook-Pro-Pisklov"} 1 22.3828125 0.0 28.61328125 22.3828125 27.396484375 2
stats: {freemem,"tsung_controller@MacBook-Pro-Pisklov"} 1 64.25 0.0 84.203125 51.5625 67.8828125 2
stats: session 13717 4565.211999927111 9825.746968070702 28786.072 1.913 713.9946837394257 55078
stats: users_count 12383 77820
stats: finish_users_count 13717 68795
stats: page 3626 1412.6132460011036 5186.024429601672 28783.877 0.521 1463.7134485877511 25208
stats: request 3626 1412.6132460011036 5186.024429601672 28783.877 0.521 1463.7134485877511 25208
stats: connect 4038 334.50503863298815 1365.0332170559223 13114.59 0.076 1127.6106849772736 25741
stats: error_send_einval 27 35
stats: 200 186 853
stats: error_unknown_msg 27 35
stats: size_rcv 161541 753874
stats: error_connect_emfile 41954 168232
stats: size_sent 1076876 8702522
stats: connected 7 517
stats: error_connection_closed 377 390
stats: error_connect_econnreset 68 121
stats: error_connect_etimedout 4166 4166
stats: error_abort_max_conn_retries 10118 39923
stats: error_abort_max_send_retries 1 3
# stats: dump at 1693243781
stats: users 6978 10455
stats: {cpu,"tsung_controller@MacBook-Pro-Pisklov"} 1 93.31598959375626 0.0 93.31598959375626 44.40184274390208 60.385717662928194 3
stats: {load,"tsung_controller@MacBook-Pro-Pisklov"} 1 21.36328125 0.0 28.61328125 21.36328125 25.725260416666668 3
stats: {freemem,"tsung_controller@MacBook-Pro-Pisklov"} 1 106.015625 0.0 106.015625 51.5625 66.671875 3
stats: session 13786 12616.666809226741 14265.866099900073 41261.112 1.913 1481.8869422777857 68795
stats: users_count 11739 89559
stats: finish_users_count 13786 82581
stats: connect 13507 3193.2329525431214 6310.325395048724 22603.337 0.076 1020.0664222438633 29779
stats: page 13225 3669.09006555765 6970.891584070388 34874.46 0.521 1457.2873774710424 28834
stats: error_send_einval 64 99
stats: request 13225 3669.09006555765 6970.891584070388 34874.46 0.521 1457.2873774710424 28834
stats: 200 256 1109
stats: error_unknown_msg 64 99
stats: size_rcv 215471 969345
stats: error_connect_emfile 0 168232
stats: size_sent 3922599 12625121
stats: connected -1 516
stats: error_connection_closed 218 608
stats: error_connect_econnreset 107 228
stats: error_connect_etimedout 4088 8254
stats: error_abort_max_conn_retries 316 40239
stats: error_abort_max_send_retries 1 4
# stats: dump at 1693243791
stats: users 10369 10455
stats: {cpu,"tsung_controller@MacBook-Pro-Pisklov"} 1 94.88693215929558 0.0 94.88693215929558 44.40184274390208 68.61828564563521 4
stats: {load,"tsung_controller@MacBook-Pro-Pisklov"} 1 21.4609375 0.0 28.61328125 21.36328125 24.634765625 4
stats: {freemem,"tsung_controller@MacBook-Pro-Pisklov"} 1 187.125 0.0 187.125 51.5625 76.5078125 4
stats: session 15179 4186.895695500363 10761.092359615692 50182.977 1.913 3340.7173662949117 82581
stats: users_count 18570 108129
stats: finish_users_count 15179 97760
stats: request 6645 6148.808577878098 8070.953206607301 34874.46 0.521 2152.764933997479 42059
stats: connect 6645 5319.415016854761 7158.884137314566 22603.337 0.076 1698.1831418472475 43286
stats: page 6645 6148.808577878098 8070.953206607301 34874.46 0.521 2152.764933997479 42059
stats: error_send_einval 4 103
stats: 200 231 1340
stats: error_unknown_msg 4 103
stats: size_rcv 202683 1172028
stats: error_connect_emfile 36599 204831
stats: size_sent 1972028 14597149
stats: connected -6 510
stats: error_connection_closed 1 609
stats: error_connect_econnreset 0 228
stats: error_connect_etimedout 238 8492
stats: error_abort_max_conn_retries 8646 48885
stats: error_abort_max_send_retries 1 5
# stats: dump at 1693243801
stats: users 10318 10455
stats: {cpu,"tsung_controller@MacBook-Pro-Pisklov"} 1 52.69098329294732 0.0 94.88693215929558 44.40184274390208 73.8720149483673 5
stats: {load,"tsung_controller@MacBook-Pro-Pisklov"} 1 21.57421875 0.0 28.61328125 21.36328125 24.0 5
stats: {freemem,"tsung_controller@MacBook-Pro-Pisklov"} 1 74.296875 0.0 187.125 51.5625 98.63125 5
stats: session 19185 2958.9561656502297 9831.995565222976 60364.532 1.913 3472.101785883798 97760
stats: users_count 19134 127263
stats: finish_users_count 19185 116945
stats: connect 3668 3924.2874427480792 5494.805344868806 22703.957 0.076 2180.1099169854365 49931
stats: request 3661 5465.353557497938 7790.394682141086 42630.763 0.521 2697.970872187088 48704
stats: error_send_einval 1 104
stats: page 3661 5465.353557497938 7790.394682141086 42630.763 0.521 2697.970872187088 48704
stats: 200 247 1587
stats: error_unknown_msg 1 104
stats: size_rcv 213833 1385861
stats: error_connect_emfile 63660 268491
stats: size_sent 1086580 15683729
stats: connected 0 510
stats: error_connection_closed 6 615
stats: error_connect_econnreset 0 228
stats: error_connect_etimedout 942 9434
stats: error_abort_max_conn_retries 15066 63951
stats: error_abort_max_send_retries 0 5
# stats: dump at 1693243811
stats: users 9315 10455
stats: {cpu,"tsung_controller@MacBook-Pro-Pisklov"} 1 91.2891289128913 0.0 94.88693215929558 44.40184274390208 70.34184300579729 6
stats: {load,"tsung_controller@MacBook-Pro-Pisklov"} 1 21.80078125 0.0 28.61328125 21.36328125 23.595703125 6
stats: {freemem,"tsung_controller@MacBook-Pro-Pisklov"} 1 104.0625 0.0 187.125 51.5625 94.57552083333333 6
stats: session 14002 6877.325995643519 12284.577493463552 67604.705 1.913 3387.9194888708344 116945
stats: users_count 12999 140262
stats: finish_users_count 14002 130947
stats: request 7177 1341.5225760066874 4557.483320198667 42630.763 0.521 2891.447202005154 52365
stats: page 7177 1341.5225760066874 4557.483320198667 42630.763 0.521 2891.447202005154 52365
stats: connect 7189 577.7924945054921 1893.7778073154805 22703.957 0.076 2299.4711581372744 53599
stats: error_send_einval 3 107
stats: 200 241 1828
stats: error_unknown_msg 3 107
stats: size_rcv 208622 1594483
stats: error_connect_emfile 33038 301529
stats: size_sent 2127117 17810846
stats: connected 1 511
stats: error_connection_closed 7 622
stats: error_connect_econnreset 5 233
stats: error_connect_etimedout 4604 14038
stats: error_abort_max_conn_retries 7341 71292
stats: error_abort_max_send_retries 1 6
# stats: dump at 1693243821
stats: users 9930 10455
stats: {cpu,"tsung_controller@MacBook-Pro-Pisklov"} 1 88.14985475308023 0.0 94.88693215929558 44.40184274390208 73.33431242109644 7
stats: {load,"tsung_controller@MacBook-Pro-Pisklov"} 1 20.72265625 0.0 28.61328125 20.72265625 23.339285714285715 7
stats: {freemem,"tsung_controller@MacBook-Pro-Pisklov"} 1 213.28125 0.0 213.28125 51.5625 95.93080357142857 7
stats: session 11322 10485.162218954289 13405.047238181935 78670.128 1.891 3761.03739082988 130947
stats: users_count 11937 152199
stats: finish_users_count 11322 142269
stats: request 10491 2929.248787055562 6339.012241950945 42630.763 0.521 2704.624303197741 59542
stats: connect 10498 2430.996404076957 5545.155352977236 22703.957 0.076 2095.859459893396 60788
stats: error_send_einval 3 110
stats: page 10491 2929.248787055562 6339.012241950945 42630.763 0.521 2704.624303197741 59542
stats: 200 240 2068
stats: error_unknown_msg 3 110
stats: size_rcv 212559 1807042
stats: error_connect_emfile 0 301529
stats: size_sent 3111570 20922416
stats: connected -1 510
stats: error_connection_closed 5 627
stats: error_connect_econnreset 9 242
stats: error_connect_etimedout 3384 17422
stats: error_abort_max_conn_retries 176 71468
stats: error_abort_max_send_retries 0 6
# stats: dump at 1693243831
stats: users 10317 10455
stats: {cpu,"tsung_controller@MacBook-Pro-Pisklov"} 0 0 0 94.88693215929558 44.40184274390208 75.18625521259442 8
stats: {load,"tsung_controller@MacBook-Pro-Pisklov"} 0 0 0 28.61328125 20.72265625 23.01220703125 8
stats: {freemem,"tsung_controller@MacBook-Pro-Pisklov"} 0 0 0 213.28125 51.5625 110.599609375 8
stats: session 16922 4687.469623153279 10925.250386371172 86724.123 1.891 4296.154256092337 142269
stats: users_count 17309 169508
stats: finish_users_count 16922 159191
stats: request 8412 5831.311333808841 7720.888639606723 42630.763 0.521 2738.273232418999 70033
stats: error_send_einval 2 112
stats: connect 8417 5222.095920280386 7252.848118162007 22703.957 0.076 2145.213717953029 71286
stats: page 8412 5831.311333808841 7720.888639606723 42630.763 0.521 2738.273232418999 70033
stats: 200 273 2341
stats: error_unknown_msg 2 112
stats: size_rcv 230922 2037964
stats: error_connect_emfile 37983 339512
stats: size_sent 2494592 23417008
stats: connected 0 510
stats: error_connection_closed 3 630
stats: error_connect_econnreset 0 242
stats: error_connect_etimedout 786 18208
stats: error_abort_max_conn_retries 8915 80383
stats: error_abort_max_send_retries 0 6
# stats: dump at 1693243841
stats: users 10245 10455
stats: {cpu,"tsung_controller@MacBook-Pro-Pisklov"} 1 55.874656577939916 0.0 94.88693215929558 44.40184274390208 75.18625521259442 8
stats: {load,"tsung_controller@MacBook-Pro-Pisklov"} 1 20.4140625 0.0 28.61328125 20.4140625 23.01220703125 8
stats: {freemem,"tsung_controller@MacBook-Pro-Pisklov"} 1 144.65625 0.0 213.28125 51.5625 110.599609375 8
stats: session 18861 3591.6703410741766 10873.100261472555 86724.123 1.891 4337.75107149902 159191
stats: users_count 18789 188297
stats: finish_users_count 18861 178052
stats: request 4395 2429.8326416382306 5528.112698809753 42630.763 0.521 3069.9532185097805 78445
stats: connect 4405 1306.4022864926267 2657.2243508113575 22703.957 0.076 2470.146499617325 79703
stats: error_send_einval 3 115
stats: page 4395 2429.8326416382306 5528.112698809753 42630.763 0.521 3069.9532185097805 78445
stats: 200 236 2577
stats: error_unknown_msg 3 115
stats: size_rcv 191236 2229200
stats: error_connect_emfile 62146 401658
stats: size_sent 1303756 24720764
stats: connected 0 510
stats: error_connection_closed 6 636
stats: error_connect_econnreset 0 242
stats: error_connect_etimedout 2280 20488
stats: error_abort_max_conn_retries 14433 94816
stats: error_abort_max_send_retries 1 7
# stats: dump at 1693243851
stats: users 8431 10455
stats: {cpu,"tsung_controller@MacBook-Pro-Pisklov"} 1 91.96341700719984 0.0 94.88693215929558 44.40184274390208 73.04052203096614 9
stats: {load,"tsung_controller@MacBook-Pro-Pisklov"} 1 19.83984375 0.0 28.61328125 19.83984375 22.723524305555557 9
stats: {freemem,"tsung_controller@MacBook-Pro-Pisklov"} 1 75.65625 0.0 213.28125 51.5625 114.38368055555556 9
stats: session 12231 10261.182622026048 14685.956306236327 104501.724 1.891 4258.718942365155 178052
stats: users_count 10417 198714
stats: finish_users_count 12231 190283
stats: page 8009 1577.9088668997465 4711.992491078149 42630.763 0.521 3035.992210115883 82840
stats: request 8009 1577.9088668997465 4711.992491078149 42630.763 0.521 3035.992210115883 82840
stats: error_send_einval 4 119
stats: connect 8739 972.8415635656252 2431.947165887914 22703.957 0.076 2409.197561837158 84108
stats: 200 256 2833
stats: error_unknown_msg 4 119
stats: size_rcv 226455 2455655
stats: error_connect_emfile 13279 414937
stats: size_sent 2587783 27308547
stats: connected 723 1233
stats: error_connection_closed 3 639
stats: error_connect_econnreset 0 242
stats: error_connect_etimedout 5076 25564
stats: error_abort_max_conn_retries 2979 97795
stats: error_abort_max_send_retries 0 7
# stats: dump at 1693243861
stats: users 9170 10455
stats: {cpu,"tsung_controller@MacBook-Pro-Pisklov"} 1 88.85334399680096 0.0 94.88693215929558 44.40184274390208 74.93281152858951 10
stats: {load,"tsung_controller@MacBook-Pro-Pisklov"} 1 20.046875 0.0 28.61328125 19.83984375 22.43515625 10
stats: {freemem,"tsung_controller@MacBook-Pro-Pisklov"} 1 116.078125 0.0 213.28125 51.5625 110.5109375 10
stats: session 10693 10271.012563172128 16358.572395278428 104501.724 1.841 4644.544966055829 190283
stats: users_count 11432 210146
stats: finish_users_count 10693 200976
stats: request 11739 3279.4167940199345 6519.050924914151 42630.763 0.521 2907.451560292351 90849
stats: page 11739 3279.4167940199345 6519.050924914151 42630.763 0.521 2907.451560292351 90849
stats: connect 11037 2824.0476403007983 6029.43276836907 22703.957 0.076 2274.004016877225 92847
stats: error_send_einval 10 129
stats: 200 257 3090
stats: error_unknown_msg 10 129
stats: size_rcv 221145 2676800
stats: error_connect_emfile 0 414937
stats: size_sent 3266727 30575274
stats: connected -723 510
stats: error_connection_closed 11 650
stats: error_connect_econnreset 29 271
stats: error_connect_etimedout 2579 28143
stats: error_abort_max_conn_retries 360 98155
stats: error_abort_max_send_retries 0 7
# stats: dump at 1693243871
stats: users 10394 10510
stats: {cpu,"tsung_controller@MacBook-Pro-Pisklov"} 1 58.337224910842735 0.0 94.88693215929558 44.40184274390208 76.1983144802451 11
stats: {load,"tsung_controller@MacBook-Pro-Pisklov"} 1 18.6328125 0.0 28.61328125 18.6328125 22.218039772727273 11
stats: {freemem,"tsung_controller@MacBook-Pro-Pisklov"} 1 91.296875 0.0 213.28125 51.5625 111.01704545454545 11
stats: session 16208 4354.625834341102 11793.185863910543 104501.724 1.841 4943.903188012503 200976
stats: users_count 17432 227578
stats: finish_users_count 16208 217184
stats: request 5550 3235.338851891887 5148.644757969309 42630.763 0.521 2950.015016824578 102588
stats: connect 5559 2422.141708041009 3566.3414179775086 22703.957 0.076 2332.4425778849445 103884
stats: page 5550 3235.338851891887 5148.644757969309 42630.763 0.521 2950.015016824578 102588
stats: error_send_einval 8 137
stats: 200 237 3327
stats: error_unknown_msg 8 137
stats: size_rcv 199656 2876456
stats: error_connect_emfile 45562 460499
stats: size_sent 1646290 32221564
stats: connected -1 509
stats: error_connection_closed 1 651
stats: error_connect_econnreset 0 271
stats: error_connect_etimedout 1877 30020
stats: error_abort_max_conn_retries 10661 108816
stats: error_abort_max_send_retries 1 8
# stats: dump at 1693243882
stats: users 10376 10510
stats: {cpu,"tsung_controller@MacBook-Pro-Pisklov"} 1 94.59121913728504 0.0 94.88693215929558 44.40184274390208 74.70989034946156 12
stats: {load,"tsung_controller@MacBook-Pro-Pisklov"} 1 19.51953125 0.0 28.61328125 18.6328125 21.919270833333332 12
stats: {freemem,"tsung_controller@MacBook-Pro-Pisklov"} 1 128.703125 0.0 213.28125 51.5625 109.37369791666667 12
stats: session 18069 5080.714706015854 13126.32673474686 104501.724 1.841 4899.926618153278 217184
stats: users_count 18051 245629
stats: finish_users_count 18069 235253
stats: connect 6411 1125.1274801123084 2508.11448169241 22703.957 0.076 2336.9987163729024 109443
stats: page 6395 1982.229903987489 4851.525091256188 42630.763 0.521 2964.6587802067706 108138
stats: error_send_einval 6 143
stats: request 6395 1982.229903987489 4851.525091256188 42630.763 0.521 2964.6587802067706 108138
stats: 200 265 3592
stats: error_unknown_msg 6 143
stats: size_rcv 219855 3096311
stats: error_connect_emfile 50885 511384
stats: size_sent 1897804 34119368
stats: connected 8 517
stats: error_connection_closed 0 651
stats: error_connect_econnreset 1 272
stats: error_connect_etimedout 2961 32981
stats: error_abort_max_conn_retries 11736 120552
stats: error_abort_max_send_retries 2 10
# stats: dump at 1693243891
stats: users 8713 10510
stats: {cpu,"tsung_controller@MacBook-Pro-Pisklov"} 1 88.23128589506474 0.0 94.88693215929558 44.40184274390208 76.2392233331403 13
stats: {load,"tsung_controller@MacBook-Pro-Pisklov"} 1 19.0 0.0 28.61328125 18.6328125 21.73467548076923 13
stats: {freemem,"tsung_controller@MacBook-Pro-Pisklov"} 1 88.125 0.0 213.28125 51.5625 110.86057692307692 13
stats: session 8732 12376.442241181896 15425.11596333851 104915.535 1.841 4913.812349513085 235253
stats: users_count 7069 252698
stats: finish_users_count 8732 243985
stats: request 6798 1995.6439024713184 4799.508475144155 42630.763 0.521 2909.8044354902063 114533
stats: error_send_einval 5 148
stats: page 6798 1995.6439024713184 4799.508475144155 42630.763 0.521 2909.8044354902063 114533
stats: connect 6799 1171.1096743638807 2589.764156535013 22703.957 0.076 2269.9375316432715 115854
stats: 200 250 3842
stats: error_unknown_msg 5 148
stats: size_rcv 221244 3317555
stats: error_connect_emfile 7226 518610
stats: size_sent 2013670 36133038
stats: connected -7 510
stats: error_connection_closed 2 653
stats: error_connect_econnreset 1 273
stats: error_connect_etimedout 4006 36987
stats: error_abort_max_conn_retries 1663 122215
stats: error_abort_max_send_retries 1 11
# stats: dump at 1693243901
stats: users 7556 10510
stats: {cpu,"tsung_controller@MacBook-Pro-Pisklov"} 1 91.69085994594055 0.0 94.88693215929558 44.40184274390208 77.09579923042062 14
stats: {load,"tsung_controller@MacBook-Pro-Pisklov"} 1 18.03125 0.0 28.61328125 18.03125 21.539341517857142 14
stats: {freemem,"tsung_controller@MacBook-Pro-Pisklov"} 1 112.296875 0.0 213.28125 51.5625 109.23660714285714 14
stats: session 7239 14059.349624257533 19176.0029623389 104989.008 1.841 5180.893047974269 243985
stats: users_count 6082 258780
stats: finish_users_count 7239 251224
stats: connect 6874 2066.8890827756777 4590.483721607885 22703.957 0.076 2209.0264197940496 122653
stats: error_send_einval 6 154
stats: request 6856 2784.0220250875136 5792.89533422146 42630.763 0.521 2858.5853463583076 121331
stats: page 6856 2784.0220250875136 5792.89533422146 42630.763 0.521 2858.5853463583076 121331
stats: 200 235 4077
stats: error_unknown_msg 6 154
stats: size_rcv 193800 3511355
stats: error_connect_emfile 0 518610
stats: size_sent 2032781 38165819
stats: connected 5 515
stats: error_connection_closed 7 660
stats: error_connect_econnreset 1 274
stats: error_connect_etimedout 2750 39737
stats: error_abort_max_conn_retries 309 122524
stats: error_abort_max_send_retries 0 11
# stats: dump at 1693243911
stats: users 7420 10510
stats: {cpu,"tsung_controller@MacBook-Pro-Pisklov"} 1 91.72089298228052 0.0 94.88693215929558 44.40184274390208 78.06880327812195 15
stats: {load,"tsung_controller@MacBook-Pro-Pisklov"} 1 16.84765625 0.0 28.61328125 16.84765625 21.30546875 15
stats: {freemem,"tsung_controller@MacBook-Pro-Pisklov"} 1 114.4375 0.0 213.28125 51.5625 109.440625 15
stats: session 7022 12120.204070920036 17595.671986475332 104989.008 1.815 5436.725082953867 251224
stats: users_count 6886 265666
stats: finish_users_count 7022 258246
stats: request 6508 1582.7554637369433 4446.023372909164 42630.763 0.518 2854.597374640173 128187
stats: connect 6523 797.7155100413894 2145.6712917562713 22703.957 0.076 2201.483189003062 129527
stats: page 6508 1582.7554637369433 4446.023372909164 42630.763 0.518 2854.597374640173 128187
stats: error_send_einval 6 160
stats: 200 252 4329
stats: error_unknown_msg 6 160
stats: size_rcv 220235 3731590
stats: error_connect_emfile 0 518610
stats: size_sent 1931609 40097428
stats: connected 2 517
stats: error_connection_closed 6 666
stats: error_connect_econnreset 0 274
stats: error_connect_etimedout 3177 42914
stats: error_abort_max_conn_retries 353 122877
stats: error_abort_max_send_retries 1 12
# stats: dump at 1693243921
stats: users 9094 10510
stats: {cpu,"tsung_controller@MacBook-Pro-Pisklov"} 1 87.41602326280959 0.0 94.88693215929558 44.40184274390208 78.92205888463185 16
stats: {load,"tsung_controller@MacBook-Pro-Pisklov"} 1 15.56640625 0.0 28.61328125 15.56640625 21.02685546875 16
stats: {freemem,"tsung_controller@MacBook-Pro-Pisklov"} 1 73.3125 0.0 213.28125 51.5625 109.7529296875 16
stats: session 5498 11509.191679701682 18006.214230682075 105321.123 1.78 5618.456414527245 258246
stats: users_count 7172 272838
stats: finish_users_count 5498 263744
stats: request 5866 2549.9928781111344 5000.245645712455 42630.763 0.518 2793.146339663683 134695
stats: page 5866 2549.9928781111344 5000.245645712455 42630.763 0.518 2793.146339663683 134695
stats: error_send_einval 6 166
stats: connect 5875 1620.7849051914886 2901.735610799668 22703.957 0.076 2134.178693818446 136050
stats: 200 265 4594
stats: error_unknown_msg 6 166
stats: size_rcv 240450 3972040
stats: error_connect_emfile 0 518610
stats: size_sent 1739102 41836530
stats: connected -2 515
stats: error_connection_closed 4 670
stats: error_connect_econnreset 2 276
stats: error_connect_etimedout 2237 45151
stats: error_abort_max_conn_retries 118 122995
stats: error_abort_max_send_retries 1 13
# stats: dump at 1693243931
stats: users 7312 10510
stats: {cpu,"tsung_controller@MacBook-Pro-Pisklov"} 1 88.15222834251377 0.0 94.88693215929558 44.40184274390208 79.42170384805408 17
stats: {load,"tsung_controller@MacBook-Pro-Pisklov"} 1 14.25 0.0 28.61328125 14.25 20.705652573529413 17
stats: {freemem,"tsung_controller@MacBook-Pro-Pisklov"} 1 87.65625 0.0 213.28125 51.5625 107.609375 17
stats: session 7600 15909.344908289491 19520.773484023703 105900.308 1.78 5741.254516049665 263744
stats: users_count 5818 278656
stats: finish_users_count 7600 271344
stats: request 6957 6608.99426275694 8382.60593580553 42630.763 0.518 2782.998871977289 140561
stats: connect 6961 5988.581598908221 8057.91457944834 22703.957 0.076 2112.926705034346 141925
stats: page 6957 6608.99426275694 8382.60593580553 42630.763 0.518 2782.998871977289 140561
stats: error_send_einval 3 169
stats: 200 240 4834
stats: error_unknown_msg 3 169
stats: size_rcv 207067 4179107
stats: error_connect_emfile 0 518610
stats: size_sent 2062474 43899004
stats: connected -1 514
stats: error_connection_closed 2 672
stats: error_connect_econnreset 0 276
stats: error_connect_etimedout 2042 47193
stats: error_abort_max_conn_retries 118 123113
stats: error_abort_max_send_retries 0 13
# stats: dump at 1693243941
stats: users 7353 10510
stats: {cpu,"tsung_controller@MacBook-Pro-Pisklov"} 1 90.0550826239359 0.0 94.88693215929558 44.40184274390208 79.90673298663518 18
stats: {load,"tsung_controller@MacBook-Pro-Pisklov"} 1 14.25390625 0.0 28.61328125 14.25 20.347005208333332 18
stats: {freemem,"tsung_controller@MacBook-Pro-Pisklov"} 1 115.546875 0.0 213.28125 51.5625 106.50086805555556 18
stats: session 7480 11517.601196256688 16981.186758996973 105900.308 1.78 6026.049783241947 271344
stats: users_count 7521 286177
stats: finish_users_count 7480 278824
stats: request 7767 7247.044215655966 9060.920209817732 42630.763 0.518 2963.434140443876 147518
stats: connect 7771 6718.484781366609 8816.179907306214 22703.957 0.076 2294.1286563007916 148886
stats: page 7767 7247.044215655966 9060.920209817732 42630.763 0.518 2963.434140443876 147518
stats: error_send_einval 6 175
stats: 200 245 5079
stats: error_unknown_msg 6 175
stats: size_rcv 194247 4373354
stats: error_connect_emfile 0 518610
stats: size_sent 2301316 46200320
stats: connected -4 510
stats: error_connection_closed 2 674
stats: error_connect_econnreset 0 276
stats: error_connect_etimedout 412 47605
stats: error_abort_max_conn_retries 12 123125
stats: error_abort_max_send_retries 0 13
# stats: dump at 1693243951
stats: users 8950 10510
stats: {cpu,"tsung_controller@MacBook-Pro-Pisklov"} 1 86.78034102306921 0.0 94.88693215929558 44.40184274390208 80.44085665175628 19
stats: {load,"tsung_controller@MacBook-Pro-Pisklov"} 1 14.234375 0.0 28.61328125 14.234375 20.026315789473685 19
stats: {freemem,"tsung_controller@MacBook-Pro-Pisklov"} 1 97.6875 0.0 213.28125 51.5625 106.97697368421052 19
stats: session 5681 12572.519080971686 17524.00190751299 105900.308 1.78 6173.371407525905 278824
stats: users_count 7278 293455
stats: finish_users_count 5681 284505
stats: request 5633 6382.531160837936 8722.369752935007 42630.763 0.518 3177.6905042534668 155285
stats: connect 5643 5351.561387914223 7906.425256914957 22703.957 0.076 2513.599675456568 156657
stats: page 5633 6382.531160837936 8722.369752935007 42630.763 0.518 3177.6905042534668 155285
stats: error_send_einval 5 180
stats: 200 272 5351
stats: error_unknown_msg 5 180
stats: size_rcv 236232 4609586
stats: error_connect_emfile 0 518610
stats: size_sent 1669868 47870188
stats: connected 1 511
stats: error_connection_closed 4 678
stats: error_connect_econnreset 0 276
stats: error_connect_etimedout 1473 49078
stats: error_abort_max_conn_retries 32 123157
stats: error_abort_max_send_retries 0 13
# stats: dump at 1693243961
stats: users 8438 10510
stats: {cpu,"tsung_controller@MacBook-Pro-Pisklov"} 1 90.0962309542903 0.0 94.88693215929558 44.40184274390208 80.75783087032192 20
stats: {load,"tsung_controller@MacBook-Pro-Pisklov"} 1 13.6875 0.0 28.61328125 13.6875 19.73671875 20
stats: {freemem,"tsung_controller@MacBook-Pro-Pisklov"} 1 79.3125 0.0 213.28125 51.5625 106.5125 20
stats: session 6683 10630.85444261558 14489.548641575202 105900.308 1.78 6301.149681836885 284505
stats: users_count 6171 299626
stats: finish_users_count 6683 291188
stats: request 6898 5903.9913329950705 8420.146024807878 42630.763 0.518 3289.8772541418593 160918
stats: page 6898 5903.9913329950705 8420.146024807878 42630.763 0.518 3289.8772541418593 160918
stats: error_send_einval 4 184
stats: connect 6902 5151.376740509992 7604.570003179997 22703.957 0.076 2612.2726141096705 162300
stats: 200 239 5590
stats: error_unknown_msg 4 184
stats: size_rcv 208258 4817844
stats: error_connect_emfile 0 518610
stats: size_sent 2043525 49913713
stats: connected -1 510
stats: error_connection_closed 0 678
stats: error_connect_econnreset 0 276
stats: error_connect_etimedout 1217 50295
stats: error_abort_max_conn_retries 13 123170
stats: error_abort_max_send_retries 1 14
# stats: dump at 1693243971
stats: users 7018 10510
stats: {cpu,"tsung_controller@MacBook-Pro-Pisklov"} 1 88.19347085920288 0.0 94.88693215929558 44.40184274390208 81.20251658860613 21
stats: {load,"tsung_controller@MacBook-Pro-Pisklov"} 1 15.68359375 0.0 28.61328125 13.6875 19.448660714285715 21
stats: {freemem,"tsung_controller@MacBook-Pro-Pisklov"} 1 136.484375 0.0 213.28125 51.5625 105.2172619047619 21
stats: session 8081 13712.242098007679 15674.425424390027 105900.308 1.78 6400.519906283923 291188
stats: users_count 6661 306287
stats: finish_users_count 8081 299269
stats: request 8067 8104.027663319705 9331.345911190763 42630.763 0.483 3397.3292188885425 167816
stats: connect 8075 7497.40451814243 9051.754595170358 22703.957 0.076 2715.8464293152533 169202
stats: page 8067 8104.027663319705 9331.345911190763 42630.763 0.483 3397.3292188885425 167816
stats: error_send_einval 6 190
stats: 200 263 5853
stats: error_unknown_msg 6 190
stats: size_rcv 238713 5056557
stats: error_connect_emfile 0 518610
stats: size_sent 2391966 52305679
stats: connected 0 510
stats: error_connection_closed 2 680
stats: error_connect_econnreset 0 276
stats: error_connect_etimedout 1657 51952
stats: error_abort_max_conn_retries 13 123183
stats: error_abort_max_send_retries 0 14
# stats: dump at 1693243981
stats: users 8630 10510
stats: {cpu,"tsung_controller@MacBook-Pro-Pisklov"} 1 89.79959919839679 0.0 94.88693215929558 44.40184274390208 81.52028723726961 22
stats: {load,"tsung_controller@MacBook-Pro-Pisklov"} 1 16.89453125 0.0 28.61328125 13.6875 19.277521306818183 22
stats: {freemem,"tsung_controller@MacBook-Pro-Pisklov"} 1 101.96875 0.0 213.28125 51.5625 106.63849431818181 22
stats: session 6669 9456.890395261646 15534.382323752183 105900.308 1.78 6597.954411800096 299269
stats: users_count 8281 314568
stats: finish_users_count 6669 305938
stats: request 6643 4899.413454463384 8086.086273823526 42630.763 0.483 3613.2053203379505 175883
stats: connect 6647 4067.3033040469613 7164.110937406352 22703.957 0.076 2933.6472809050224 177277
stats: page 6643 4899.413454463384 8086.086273823526 42630.763 0.483 3613.2053203379505 175883
stats: error_send_einval 4 194
stats: 200 259 6112
stats: error_unknown_msg 4 194
stats: size_rcv 225628 5282185
stats: error_connect_emfile 0 518610
stats: size_sent 1968127 54273806
stats: connected 0 510
stats: error_connection_closed 0 680
stats: error_connect_econnreset 0 276
stats: error_connect_etimedout 1106 53058
stats: error_abort_max_conn_retries 18 123201
stats: error_abort_max_send_retries 0 14
# stats: dump at 1693243991
stats: users 8424 10510
stats: {cpu,"tsung_controller@MacBook-Pro-Pisklov"} 1 86.45823155837812 0.0 94.88693215929558 44.40184274390208 81.88025732253601 23
stats: {load,"tsung_controller@MacBook-Pro-Pisklov"} 1 16.3359375 0.0 28.61328125 13.6875 19.17391304347826 23
stats: {freemem,"tsung_controller@MacBook-Pro-Pisklov"} 1 117.515625 0.0 213.28125 51.5625 106.43546195652173 23
stats: session 6714 11886.474166368827 14796.634240332272 117508.193 1.78 6660.275026021622 305938
stats: users_count 6508 321076
stats: finish_users_count 6714 312652
stats: connect 6281 6350.726737780605 8282.839055618191 22703.957 0.076 2974.617527234074 183924
stats: request 6273 7129.067578829877 8871.884275323235 42630.763 0.483 3660.0166274119856 182526
stats: error_send_einval 6 200
stats: page 6273 7129.067578829877 8871.884275323235 42630.763 0.483 3660.0166274119856 182526
stats: 200 247 6359
stats: error_unknown_msg 6 200
stats: size_rcv 212460 5494645
stats: error_connect_emfile 0 518610
stats: size_sent 1858693 56132499
stats: connected 1 511
stats: error_connection_closed 1 681
stats: error_connect_econnreset 0 276
stats: error_connect_etimedout 1210 54268
stats: error_abort_max_conn_retries 0 123201
stats: error_abort_max_send_retries 0 14
# stats: dump at 1693244001
stats: users 7653 10510
stats: {cpu,"tsung_controller@MacBook-Pro-Pisklov"} 0 0 0 94.88693215929558 44.40184274390208 82.07100624902944 24
stats: {load,"tsung_controller@MacBook-Pro-Pisklov"} 0 0 0 28.61328125 13.6875 19.0556640625 24
stats: {freemem,"tsung_controller@MacBook-Pro-Pisklov"} 0 0 0 213.28125 51.5625 106.89713541666667 24
stats: session 6707 12625.231458028904 14393.260497583362 117508.193 1.78 6772.504281002531 312652
stats: users_count 5936 327012
stats: finish_users_count 6707 319359
stats: request 7110 8042.311961462716 9193.457395674397 42630.763 0.483 3775.2786606761683 188799
stats: page 7110 8042.311961462716 9193.457395674397 42630.763 0.483 3775.2786606761683 188799
stats: error_send_einval 5 205
stats: connect 7125 7355.911270877206 8868.352085954994 22703.957 0.076 3086.1043017744 190205
stats: 200 259 6618
stats: error_unknown_msg 5 205
stats: size_rcv 232493 5727138
stats: error_connect_emfile 0 518610
stats: size_sent 2109993 58242492
stats: connected 8 519
stats: error_connection_closed 2 683
stats: error_connect_econnreset 0 276
stats: error_connect_etimedout 1354 55622
stats: error_abort_max_conn_retries 3 123204
stats: error_abort_max_send_retries 0 14
# stats: dump at 1693244011
stats: users 7211 10510
stats: {cpu,"tsung_controller@MacBook-Pro-Pisklov"} 1 89.36684388593522 0.0 94.88693215929558 44.40184274390208 82.07100624902944 24
stats: {load,"tsung_controller@MacBook-Pro-Pisklov"} 1 16.91796875 0.0 28.61328125 13.6875 19.0556640625 24
stats: {freemem,"tsung_controller@MacBook-Pro-Pisklov"} 1 192.390625 0.0 213.28125 51.5625 106.89713541666667 24
stats: session 6586 12724.7981014273 16021.011568166163 117508.193 1.78 6895.4200002285925 319359
stats: users_count 6144 333156
stats: finish_users_count 6586 325945
stats: connect 6243 5856.197611244621 8252.33735260875 22703.957 0.076 3240.2743451274505 197330
stats: request 6225 6658.167166265044 8939.045731964809 42630.763 0.483 3930.1393703352055 195909
stats: error_send_einval 6 211
stats: page 6225 6658.167166265044 8939.045731964809 42630.763 0.483 3930.1393703352055 195909
stats: 200 257 6875
stats: error_unknown_msg 6 211
stats: size_rcv 215653 5942791
stats: error_connect_emfile 0 518610
stats: size_sent 1846815 60089307
stats: connected 11 530
stats: error_connection_closed 1 684
stats: error_connect_econnreset 14 290
stats: error_connect_etimedout 1321 56943
stats: error_abort_max_conn_retries 11 123215
stats: error_abort_max_send_retries 0 14
# stats: dump at 1693244021
stats: users 7124 10510
stats: {cpu,"tsung_controller@MacBook-Pro-Pisklov"} 1 90.55433259955974 0.0 94.88693215929558 44.40184274390208 82.36283975450567 25
stats: {load,"tsung_controller@MacBook-Pro-Pisklov"} 1 16.22265625 0.0 28.61328125 13.6875 18.97015625 25
stats: {freemem,"tsung_controller@MacBook-Pro-Pisklov"} 1 70.578125 0.0 213.28125 51.5625 110.316875 25
stats: session 6464 10618.190641243804 14816.360436592618 117508.193 1.78 7013.207615238776 325945
stats: users_count 6377 339533
stats: finish_users_count 6464 332409
stats: request 6825 5869.679252014658 8758.111914449555 42630.763 0.483 4014.152812060315 202134
stats: connect 6821 5095.024251282806 8036.186290072271 22703.957 0.076 3320.497208426461 203573
stats: page 6825 5869.679252014658 8758.111914449555 42630.763 0.483 4014.152812060315 202134
stats: error_send_einval 6 217
stats: 200 230 7105
stats: error_unknown_msg 6 217
stats: size_rcv 206620 6149411
stats: error_connect_emfile 0 518610
stats: size_sent 2019277 62108584
stats: connected -20 510
stats: error_connection_closed 9 693
stats: error_connect_econnreset 0 290
stats: error_connect_etimedout 1273 58216
stats: error_abort_max_conn_retries 3 123218
stats: error_abort_max_send_retries 1 15
# stats: dump at 1693244032
stats: users 7929 10510
stats: {cpu,"tsung_controller@MacBook-Pro-Pisklov"} 1 90.29953014878622 0.0 94.88693215929558 44.40184274390208 82.67789717162313 26
stats: {load,"tsung_controller@MacBook-Pro-Pisklov"} 1 16.91015625 0.0 28.61328125 13.6875 18.86448317307692 26
stats: {freemem,"tsung_controller@MacBook-Pro-Pisklov"} 1 51.640625 0.0 213.28125 51.5625 108.78846153846153 26
stats: session 7668 11055.143405972913 15367.179264810287 117508.193 1.78 7083.309839547072 332409
stats: users_count 8473 348006
stats: finish_users_count 7668 340077
stats: request 7658 6064.319178506121 8791.725583710171 42630.763 0.483 4074.7578491857244 208959
stats: connect 7669 5320.943875603055 8087.162448557426 22703.957 0.076 3378.0275988336166 210394
stats: page 7658 6064.319178506121 8791.725583710171 42630.763 0.483 4074.7578491857244 208959
stats: error_send_einval 6 223
stats: 200 272 7377
stats: error_unknown_msg 6 223
stats: size_rcv 241724 6391135
stats: error_connect_emfile 0 518610
stats: size_sent 2269112 64377696
stats: connected 2 512
stats: error_connection_closed 3 696
stats: error_connect_econnreset 0 290
stats: error_connect_etimedout 1398 59614
stats: error_abort_max_conn_retries 4 123222
stats: error_abort_max_send_retries 0 15
# stats: dump at 1693244041
stats: users 4952 10510
stats: {cpu,"tsung_controller@MacBook-Pro-Pisklov"} 1 87.55936306918709 0.0 94.88693215929558 44.40184274390208 82.96017987448103 27
stats: {load,"tsung_controller@MacBook-Pro-Pisklov"} 1 15.12109375 0.0 28.61328125 13.6875 18.79210069444444 27
stats: {freemem,"tsung_controller@MacBook-Pro-Pisklov"} 1 191.34375 0.0 213.28125 51.5625 106.671875 27
stats: session 2978 21634.785079919377 14676.40083354389 117508.193 1.78 7172.866086477483 340077
stats: users_count 1 348007
stats: finish_users_count 2978 343055
stats: request 2921 13568.919733995226 8007.415328353393 42630.763 0.483 4145.0942524224765 216617
stats: connect 2933 12552.254041936592 7711.320293715209 22703.957 0.076 3446.3575077431738 218063
stats: page 2921 13568.919733995226 8007.415328353393 42630.763 0.483 4145.0942524224765 216617
stats: error_send_einval 8 231
stats: 200 285 7662
stats: error_unknown_msg 8 231
stats: size_rcv 260566 6651701
stats: error_connect_emfile 0 518610
stats: size_sent 865078 65242774
stats: connected 0 512
stats: error_connection_closed 4 700
stats: error_connect_econnreset 0 290
stats: error_connect_etimedout 802 60416
stats: error_abort_max_conn_retries 4 123226
stats: error_abort_max_send_retries 0 15
# stats: dump at 1693244051
stats: users 1705 10510
stats: {cpu,"tsung_controller@MacBook-Pro-Pisklov"} 1 71.65299179507704 0.0 94.88693215929558 44.40184274390208 83.1244364171491 28
stats: {load,"tsung_controller@MacBook-Pro-Pisklov"} 1 13.78515625 0.0 28.61328125 13.6875 18.660993303571423 28
stats: {freemem,"tsung_controller@MacBook-Pro-Pisklov"} 1 113.75 0.0 213.28125 51.5625 109.69587053571429 28
stats: session 3247 25638.956690483512 12264.4263284616 117508.193 1.78 7298.407456702286 343055
stats: users_count 0 348007
stats: finish_users_count 3247 346302
stats: request 3237 16661.535693852347 7469.526095600629 42630.763 0.483 4270.480264100063 219538
stats: page 3237 16661.535693852347 7469.526095600629 42630.763 0.483 4270.480264100063 219538
stats: error_send_einval 5 236
stats: connect 3246 15909.837594885978 7321.181317122552 22703.957 0.076 3567.2085391409787 220996
stats: 200 262 7924
stats: error_unknown_msg 5 236
stats: size_rcv 233039 6884740
stats: error_connect_emfile 0 518610
stats: size_sent 959542 66202316
stats: connected -2 510
stats: error_connection_closed 6 706
stats: error_connect_econnreset 0 290
stats: error_connect_etimedout 1005 61421
stats: error_abort_max_conn_retries 4 123230
stats: error_abort_max_send_retries 0 15
# stats: dump at 1693244061
stats: users 631 10510
stats: {cpu,"tsung_controller@MacBook-Pro-Pisklov"} 1 76.05619668840943 0.0 94.88693215929558 44.40184274390208 82.72886936121557 29
stats: {load,"tsung_controller@MacBook-Pro-Pisklov"} 1 13.26171875 0.0 28.61328125 13.26171875 18.492860991379306 29
stats: {freemem,"tsung_controller@MacBook-Pro-Pisklov"} 1 100.5625 0.0 213.28125 51.5625 109.83566810344827 29
stats: session 1074 38065.853945996256 14426.067784414427 117508.193 1.78 7470.372283247001 346302
stats: users_count 0 348007
stats: finish_users_count 1074 347376
stats: request 1094 11882.444914076783 13074.656672021325 42630.763 0.483 4450.526707489618 222775
stats: connect 1080 6063.759913888899 7308.440495506032 22703.957 0.076 3745.8734365060945 224242
stats: page 1094 11882.444914076783 13074.656672021325 42630.763 0.483 4450.526707489618 222775
stats: error_send_einval 1 237
stats: 200 290 8214
stats: error_unknown_msg 1 237
stats: size_rcv 260103 7144843
stats: error_connect_emfile 0 518610
stats: size_sent 319952 66522268
stats: connected -16 494
stats: error_connection_closed 1 707
stats: error_connect_econnreset 0 290
stats: error_connect_etimedout 575 61996
stats: error_abort_max_conn_retries 0 123230
stats: error_abort_max_send_retries 0 15
# stats: dump at 1693244071
stats: users 334 10510
stats: {cpu,"tsung_controller@MacBook-Pro-Pisklov"} 1 64.21411387329591 0.0 94.88693215929558 44.40184274390208 82.5064469387887 30
stats: {load,"tsung_controller@MacBook-Pro-Pisklov"} 1 12.51953125 0.0 28.61328125 12.51953125 18.318489583333328 30
stats: {freemem,"tsung_controller@MacBook-Pro-Pisklov"} 1 112.859375 0.0 213.28125 51.5625 109.5265625 30
stats: session 297 48714.201006734 14362.045526514306 117508.193 1.78 7564.965885872954 347376
stats: users_count 0 348007
stats: finish_users_count 297 347673
stats: request 316 28861.61706329116 8960.636696071522 42630.763 0.483 4486.844904819334 223869
stats: connect 76 7306.180947368414 8526.098727171027 22703.957 0.076 3756.983392016757 225322
stats: page 316 28861.61706329116 8960.636696071522 42630.763 0.483 4486.844904819334 223869
stats: error_send_einval 0 237
stats: 200 305 8519
stats: error_unknown_msg 0 237
stats: size_rcv 277936 7422779
stats: error_connect_emfile 0 518610
stats: size_sent 22368 66544636
stats: connected -240 254
stats: error_connection_closed 0 707
stats: error_connect_econnreset 0 290
stats: error_connect_etimedout 45 62041
stats: error_abort_max_conn_retries 1 123231
stats: error_abort_max_send_retries 0 15
# stats: dump at 1693244081
stats: users 38 10510
stats: {cpu,"tsung_controller@MacBook-Pro-Pisklov"} 1 61.8622832514784 0.0 94.88693215929558 44.40184274390208 81.91637167861151 31
stats: {load,"tsung_controller@MacBook-Pro-Pisklov"} 1 11.515625 0.0 28.61328125 11.515625 18.13142641129032 31
stats: {freemem,"tsung_controller@MacBook-Pro-Pisklov"} 1 81.8125 0.0 213.28125 51.5625 109.63407258064517 31
stats: session 296 60435.63330405404 13665.507915426182 117508.193 1.78 7600.117660186448 347673
stats: users_count 0 348007
stats: finish_users_count 296 347969
stats: page 291 22575.29885223368 9528.094746525734 42630.763 0.483 4521.202368530452 224185
stats: error_send_einval 0 237
stats: connect 84 5815.306999999999 8811.673458519721 22703.957 0.076 3758.180115209539 225398
stats: request 291 22575.29885223368 9528.094746525734 42630.763 0.483 4521.202368530452 224185
stats: 200 291 8810
stats: error_unknown_msg 0 237
stats: size_rcv 260285 7683064
stats: error_connect_emfile 0 518610
stats: size_sent 24790 66569426
stats: connected -207 47
stats: error_connection_closed 0 707
stats: error_connect_econnreset 0 290
stats: error_connect_etimedout 58 62099
stats: error_abort_max_conn_retries 1 123232
stats: error_abort_max_send_retries 0 15
# stats: dump at 1693244091
stats: users 0 10510
stats: {cpu,"tsung_controller@MacBook-Pro-Pisklov"} 1 61.97592778335005 0.0 94.88693215929558 44.40184274390208 81.2896814152636 32
stats: {load,"tsung_controller@MacBook-Pro-Pisklov"} 1 10.66015625 0.0 28.61328125 10.66015625 17.924682617187496 32
stats: {freemem,"tsung_controller@MacBook-Pro-Pisklov"} 1 148.640625 0.0 213.28125 51.5625 108.7646484375 32
stats: session 38 58028.700815789474 6481.107183757077 117508.193 1.78 7645.062217404433 347969
stats: users_count 0 348007
stats: finish_users_count 38 348007
stats: request 47 10638.563255319152 8176.506803249068 42630.763 0.483 4544.6068397289655 224476
stats: page 47 10638.563255319152 8176.506803249068 42630.763 0.483 4544.6068397289655 224476
stats: error_send_einval 0 237
stats: connect 0 0 0 22703.957 0.076 3758.9464675495146 225482
stats: 200 47 8857
stats: error_unknown_msg 0 237
stats: size_rcv 41506 7724570
stats: error_connect_emfile 0 518610
stats: size_sent 0 66569426
stats: connected -47 0
stats: error_connection_closed 0 707
stats: error_connect_econnreset 0 290
stats: error_connect_etimedout 0 62099
stats: error_abort_max_conn_retries 0 123232
stats: error_abort_max_send_retries 0 15
# stats: dump at 1693244092
stats: users 0 10510
stats: {cpu,"tsung_controller@MacBook-Pro-Pisklov"} 1 15.289173504102461 0.0 94.88693215929558 15.289173504102461 80.70441615369046 33
stats: {load,"tsung_controller@MacBook-Pro-Pisklov"} 1 9.40234375 0.0 28.61328125 9.40234375 17.70454545454545 33
stats: {freemem,"tsung_controller@MacBook-Pro-Pisklov"} 1 174.421875 0.0 213.28125 51.5625 109.97301136363636 33
stats: session 0 0 0 117508.193 1.78 7650.5637684270805 348007
stats: users_count 0 348007
stats: finish_users_count 0 348007
stats: request 0 0 0 42630.763 0.483 4545.882503921644 224523
stats: connect 0 0 0 22703.957 0.076 3758.9464675495146 225482
stats: page 0 0 0 42630.763 0.483 4545.882503921644 224523
stats: error_send_einval 0 237
stats: 200 0 8857
stats: error_unknown_msg 0 237
stats: size_rcv 0 7724570
stats: error_connect_emfile 0 518610
stats: size_sent 0 66569426
stats: connected 0 0
stats: error_connection_closed 0 707
stats: error_connect_econnreset 0 290
stats: error_connect_etimedout 0 62099
stats: error_abort_max_conn_retries 0 123232
stats: error_abort_max_send_retries 0 15
EndMonitor:{1693,244092,830382}
