# stats: dump at 1693249798
stats: users 4115 4115
stats: {cpu,"tsung_controller@MacBook-Pro-Pisklov"} 1 20.733417110538603 0 20.733417110538603 20.733417110538603 0 0
stats: {load,"tsung_controller@MacBook-Pro-Pisklov"} 1 5.79296875 0 5.79296875 5.79296875 0 0
stats: {freemem,"tsung_controller@MacBook-Pro-Pisklov"} 1 78.921875 0 78.921875 78.921875 0 0
stats: session 17023 128.50705574810584 852.1493077673449 8772.427 1.999 0 0
stats: users_count 21138 21138
stats: finish_users_count 17023 17023
stats: connect 17365 0.7711181111431074 2.791940955321065 121.074 0.094 0 0
stats: page 16843 114.0206885946677 786.9145137184117 8344.243 0.562 0 0
stats: request 16843 114.0206885946677 786.9145137184117 8344.243 0.562 0 0
stats: error_send_einval 7 7
stats: 200 406 406
stats: error_unknown_msg 7 7
stats: size_rcv 269837 269837
stats: error_connection_closed 5 5
stats: size_sent 5033670 5033670
stats: connected 510 510
# stats: dump at 1693249808
stats: users 10336 10435
stats: {cpu,"tsung_controller@MacBook-Pro-Pisklov"} 1 88.58319108344212 0.0 88.58319108344212 20.733417110538603 20.733417110538603 1
stats: {load,"tsung_controller@MacBook-Pro-Pisklov"} 1 6.9375 0.0 6.9375 5.79296875 5.79296875 1
stats: {freemem,"tsung_controller@MacBook-Pro-Pisklov"} 1 27.953125 0.0 78.921875 27.953125 78.921875 1
stats: session 17472 1447.6212154304083 2850.951333708087 9967.743 1.9 128.50705574810584 17023
stats: users_count 23693 44831
stats: finish_users_count 17472 34495
stats: connect 6285 3138.760095465395 3364.751903848097 7070.745 0.094 0.7711181111431074 17365
stats: page 6281 3779.9177681897854 3644.943601771777 9965.698 0.562 114.0206885946677 16843
stats: request 6281 3779.9177681897854 3644.943601771777 9965.698 0.562 114.0206885946677 16843
stats: error_send_einval 2 9
stats: 200 556 962
stats: error_unknown_msg 2 9
stats: size_rcv 374443 644280
stats: error_connect_emfile 47138 47138
stats: error_connection_closed 1 6
stats: size_sent 1821470 6855140
stats: connected 1 511
stats: error_abort_max_conn_retries 10669 10669
# stats: dump at 1693249818
stats: users 10313 10435
stats: {cpu,"tsung_controller@MacBook-Pro-Pisklov"} 0 0 0 88.58319108344212 20.733417110538603 54.65830409699036 2
stats: {load,"tsung_controller@MacBook-Pro-Pisklov"} 0 0 0 6.9375 5.79296875 6.365234375 2
stats: {freemem,"tsung_controller@MacBook-Pro-Pisklov"} 0 0 0 78.921875 27.953125 53.4375 2
stats: session 24589 597.354228150804 2199.8440657939414 16253.113 1.9 796.6491806348774 34495
stats: users_count 24566 69397
stats: finish_users_count 24589 59084
stats: request 2377 5874.3817050904345 4579.359746200695 16251.166 0.562 1109.761025774089 23124
stats: error_send_einval 1 10
stats: connect 2353 3877.950947726311 3314.8845532518876 7076.33 0.094 834.6933473995775 23650
stats: page 2377 5874.3817050904345 4579.359746200695 16251.166 0.562 1109.761025774089 23124
stats: 200 565 1527
stats: error_unknown_msg 1 10
stats: size_rcv 391029 1035309
stats: error_connect_emfile 92351 139489
stats: error_connection_closed 0 6
stats: size_sent 682409 7537549
stats: connected -25 486
stats: error_abort_max_conn_retries 22215 32884
# stats: dump at 1693249829
stats: users 6569 10435
stats: {cpu,"tsung_controller@MacBook-Pro-Pisklov"} 1 21.115714475603163 0.0 88.58319108344212 20.733417110538603 54.65830409699036 2
stats: {load,"tsung_controller@MacBook-Pro-Pisklov"} 1 9.7734375 0.0 9.7734375 5.79296875 6.365234375 2
stats: {freemem,"tsung_controller@MacBook-Pro-Pisklov"} 1 133.40625 0.0 133.40625 27.953125 53.4375 2
stats: session 16767 7605.032414027566 11618.013361848576 30611.201 1.9 713.7085607271041 59084
stats: users_count 13023 82420
stats: finish_users_count 16767 75851
stats: connect 8043 2329.3054070620387 6317.746065998581 22261.577 0.094 1110.0763852632394 26003
stats: error_send_einval 9 19
stats: page 7487 3307.5559703486038 7001.455063900122 22302.722 0.482 1553.8809957648718 25501
stats: request 7487 3307.5559703486038 7001.455063900122 22302.722 0.482 1553.8809957648718 25501
stats: 200 534 2061
stats: error_unknown_msg 9 19
stats: size_rcv 369984 1405293
stats: error_connect_emfile 40747 180236
stats: error_connection_closed 160 166
stats: size_sent 2283938 9821487
stats: connected 387 873
stats: error_connect_etimedout 6637 6637
stats: error_connect_econnreset 161 161
stats: error_abort_max_conn_retries 9971 42855
# stats: dump at 1693249838
stats: users 8331 10435
stats: {cpu,"tsung_controller@MacBook-Pro-Pisklov"} 1 86.4369428027647 0.0 88.58319108344212 20.733417110538603 43.4774408898613 3
stats: {load,"tsung_controller@MacBook-Pro-Pisklov"} 1 9.5 0.0 9.7734375 5.79296875 7.501302083333333 3
stats: {freemem,"tsung_controller@MacBook-Pro-Pisklov"} 1 78.671875 0.0 133.40625 27.953125 80.09375 3
stats: session 11545 9452.643184841847 13531.735220106619 40117.417 1.833 2237.0480954502964 75851
stats: users_count 13307 95727
stats: finish_users_count 11545 87396
stats: connect 10841 2694.279811087537 5501.0186492393 22261.577 0.074 1398.1060810374197 34046
stats: page 11198 3072.853082336125 5669.594513697626 29703.521 0.482 1951.8973815629925 32988
stats: error_send_einval 3 22
stats: request 11198 3072.853082336125 5669.594513697626 29703.521 0.482 1951.8973815629925 32988
stats: 200 567 2628
stats: error_unknown_msg 3 22
stats: size_rcv 377302 1782595
stats: error_connect_emfile 0 180236
stats: error_connection_closed 0 166
stats: size_sent 3142234 12963721
stats: connected -360 513
stats: error_connect_etimedout 1409 8046
stats: error_connect_econnreset 0 161
stats: error_abort_max_conn_retries 220 43075
# stats: dump at 1693249848
stats: users 10329 10435
stats: {cpu,"tsung_controller@MacBook-Pro-Pisklov"} 1 85.28850522489778 0.0 88.58319108344212 20.733417110538603 54.217316368087154 4
stats: {load,"tsung_controller@MacBook-Pro-Pisklov"} 1 9.94921875 0.0 9.94921875 5.79296875 8.0009765625 4
stats: {freemem,"tsung_controller@MacBook-Pro-Pisklov"} 1 102.203125 0.0 133.40625 27.953125 79.73828125 4
stats: session 15240 5215.582663254586 11599.688754295525 49657.787 1.833 3190.2272490388523 87396
stats: users_count 17238 112965
stats: finish_users_count 15240 102636
stats: connect 8368 5144.1587679254335 6912.70091668686 22261.577 0.074 1711.15483474057 44887
stats: page 8367 5754.592807457889 7223.247977458976 30188.783 0.482 2235.9797139139077 44186
stats: request 8367 5754.592807457889 7223.247977458976 30188.783 0.482 2235.9797139139077 44186
stats: error_send_einval 0 22
stats: 200 553 3181
stats: error_unknown_msg 0 22
stats: size_rcv 332716 2115311
stats: error_connect_emfile 28790 209026
stats: error_connection_closed 4 170
stats: size_sent 2424278 15387999
stats: connected -3 510
stats: error_connect_etimedout 197 8243
stats: error_connect_econnreset 0 161
stats: error_abort_max_conn_retries 6641 49716
# stats: dump at 1693249858
stats: users 10345 10468
stats: {cpu,"tsung_controller@MacBook-Pro-Pisklov"} 1 21.458757508392793 0.0 88.58319108344212 20.733417110538603 60.43155413944928 5
stats: {load,"tsung_controller@MacBook-Pro-Pisklov"} 1 11.62109375 0.0 11.62109375 5.79296875 8.390625 5
stats: {freemem,"tsung_controller@MacBook-Pro-Pisklov"} 1 59.421875 0.0 133.40625 27.953125 84.23125 5
stats: session 21793 1439.3343603909486 5970.466160972053 56751.87 1.833 3490.963993579245 102636
stats: users_count 21809 134774
stats: finish_users_count 21793 124429
stats: error_send_einval 0 22
stats: request 3140 3972.4232980891734 5176.166901721928 30188.783 0.482 2796.1805731166646 52553
stats: connect 3126 2386.27372456814 3242.63453385002 22261.577 0.074 2250.585440559572 53255
stats: page 3140 3972.4232980891734 5176.166901721928 30188.783 0.482 2796.1805731166646 52553
stats: 200 496 3677
stats: error_unknown_msg 0 22
stats: size_rcv 317171 2432482
stats: error_connect_emfile 79903 288929
stats: error_connection_closed 1 171
stats: size_sent 907861 16295860
stats: connected -15 495
stats: error_connect_etimedout 652 8895
stats: error_connect_econnreset 0 161
stats: error_abort_max_conn_retries 18940 68656
# stats: dump at 1693249868
stats: users 8540 10468
stats: {cpu,"tsung_controller@MacBook-Pro-Pisklov"} 1 87.7505351235649 0.0 88.58319108344212 20.733417110538603 53.936088034273205 6
stats: {load,"tsung_controller@MacBook-Pro-Pisklov"} 1 12.609375 0.0 12.609375 5.79296875 8.929036458333334 6
stats: {freemem,"tsung_controller@MacBook-Pro-Pisklov"} 1 109.828125 0.0 133.40625 27.953125 80.09635416666667 6
stats: session 12266 10998.279798222735 13496.395943504598 61304.526 1.833 3131.6332539922314 124429
stats: users_count 10461 145235
stats: finish_users_count 12266 136695
stats: request 10863 1030.2460315750711 3093.20519379624 30188.783 0.482 2862.497743253193 55693
stats: connect 10891 407.353399871453 1595.282571975388 22261.577 0.074 2258.1085702630317 56381
stats: error_send_einval 7 29
stats: page 10863 1030.2460315750711 3093.20519379624 30188.783 0.482 2862.497743253193 55693
stats: 200 582 4259
stats: error_unknown_msg 7 29
stats: size_rcv 386546 2819028
stats: error_connect_emfile 4622 293551
stats: error_connection_closed 2 173
stats: size_sent 3155861 19451721
stats: connected 18 513
stats: error_connect_etimedout 5931 14826
stats: error_connect_econnreset 0 161
stats: error_abort_max_conn_retries 854 69510
stats: error_abort_max_send_retries 1 1
# stats: dump at 1693249878
stats: users 9666 10468
stats: {cpu,"tsung_controller@MacBook-Pro-Pisklov"} 1 86.3063063063063 0.0 88.58319108344212 20.733417110538603 58.766723332743446 7
stats: {load,"tsung_controller@MacBook-Pro-Pisklov"} 1 11.82421875 0.0 12.609375 5.79296875 9.454799107142858 7
stats: {freemem,"tsung_controller@MacBook-Pro-Pisklov"} 1 101.859375 0.0 133.40625 27.953125 84.34375 7
stats: session 8901 8642.402778901202 12487.854965775308 73144.011 1.833 3837.5280307692265 136695
stats: users_count 10027 155262
stats: finish_users_count 8901 145596
stats: error_send_einval 5 34
stats: request 9196 2628.789468138331 5019.262093414791 30188.783 0.482 2563.445060640665 66556
stats: page 9196 2628.789468138331 5019.262093414791 30188.783 0.482 2563.445060640665 66556
stats: connect 9207 2231.8182548061327 4837.086478733035 22261.577 0.074 1958.480574057557 67272
stats: 200 509 4768
stats: error_unknown_msg 5 34
stats: size_rcv 308549 3127577
stats: error_connect_emfile 0 293551
stats: error_connection_closed 4 177
stats: size_sent 2668274 22119995
stats: connected 2 515
stats: error_connect_etimedout 2607 17433
stats: error_connect_econnreset 0 161
stats: error_abort_max_conn_retries 304 69814
stats: error_abort_max_send_retries 0 1
# stats: dump at 1693249888
stats: users 10374 10468
stats: {cpu,"tsung_controller@MacBook-Pro-Pisklov"} 0 0 0 88.58319108344212 20.733417110538603 62.2091712044388 8
stats: {load,"tsung_controller@MacBook-Pro-Pisklov"} 0 0 0 12.609375 5.79296875 9.7509765625 8
stats: {freemem,"tsung_controller@MacBook-Pro-Pisklov"} 0 0 0 133.40625 27.953125 86.533203125 8
stats: session 18557 4553.964537263545 10954.308430856452 78788.005 1.833 4131.273670300002 145596
stats: users_count 19265 174527
stats: finish_users_count 18557 164153
stats: request 7682 4599.977453788067 6642.910899053461 30188.783 0.482 2571.377619138771 75752
stats: connect 7678 3851.611110705902 6177.776947785846 22261.577 0.074 1991.3866008969785 76479
stats: error_send_einval 6 40
stats: page 7682 4599.977453788067 6642.910899053461 30188.783 0.482 2571.377619138771 75752
stats: 200 575 5343
stats: error_unknown_msg 6 40
stats: size_rcv 360998 3488575
stats: error_connect_emfile 44619 338170
stats: error_connection_closed 0 177
stats: size_sent 2225449 24345444
stats: connected -10 505
stats: error_connect_etimedout 1352 18785
stats: error_connect_econnreset 0 161
stats: error_abort_max_conn_retries 10142 79956
stats: error_abort_max_send_retries 0 1
# stats: dump at 1693249898
stats: users 9979 10468
stats: {cpu,"tsung_controller@MacBook-Pro-Pisklov"} 1 21.85031704260072 0.0 88.58319108344212 20.733417110538603 62.2091712044388 8
stats: {load,"tsung_controller@MacBook-Pro-Pisklov"} 1 13.43359375 0.0 13.43359375 5.79296875 9.7509765625 8
stats: {freemem,"tsung_controller@MacBook-Pro-Pisklov"} 1 68.890625 0.0 133.40625 27.953125 86.533203125 8
stats: session 17028 5105.725117629777 12727.532788662238 79303.674 1.833 4179.057593945884 164153
stats: users_count 16633 191160
stats: finish_users_count 17028 181181
stats: error_send_einval 2 42
stats: request 5880 1859.737640136064 3807.3358254004434 30188.783 0.482 2758.156437483521 83434
stats: connect 5891 922.3758479035788 2293.146972356944 22261.577 0.074 2161.1027717005113 84157
stats: page 5880 1859.737640136064 3807.3358254004434 30188.783 0.482 2758.156437483521 83434
stats: 200 531 5874
stats: error_unknown_msg 2 42
stats: size_rcv 351162 3839737
stats: error_connect_emfile 50327 388497
stats: error_connection_closed 0 177
stats: size_sent 1707488 26052932
stats: connected 7 512
stats: error_connect_etimedout 3073 21858
stats: error_connect_econnreset 0 161
stats: error_abort_max_conn_retries 11866 91822
stats: error_abort_max_send_retries 2 3
# stats: dump at 1693249908
stats: users 8781 10468
stats: {cpu,"tsung_controller@MacBook-Pro-Pisklov"} 1 87.71666165714859 0.0 88.58319108344212 20.733417110538603 57.72485407534569 9
stats: {load,"tsung_controller@MacBook-Pro-Pisklov"} 1 13.1640625 0.0 13.43359375 5.79296875 10.16015625 9
stats: {freemem,"tsung_controller@MacBook-Pro-Pisklov"} 1 133.65625 0.0 133.65625 27.953125 84.57291666666667 9
stats: session 10740 11168.040202607044 15076.658612016321 104389.876 1.833 4266.148925781393 181181
stats: users_count 9542 200702
stats: finish_users_count 10740 191921
stats: request 9224 1759.397926387682 3639.5454411998417 30188.783 0.482 2699.0089071030316 89314
stats: connect 9229 1213.8781386932437 2972.358627519726 22261.577 0.074 2080.0644331689755 90048
stats: page 9224 1759.397926387682 3639.5454411998417 30188.783 0.482 2699.0089071030316 89314
stats: error_send_einval 4 46
stats: 200 484 6358
stats: error_unknown_msg 4 46
stats: size_rcv 321100 4160837
stats: error_connect_emfile 2623 391120
stats: error_connection_closed 2 179
stats: size_sent 2675339 28728271
stats: connected -2 510
stats: error_connect_etimedout 3997 25855
stats: error_connect_econnreset 0 161
stats: error_abort_max_conn_retries 537 92359
stats: error_abort_max_send_retries 1 4
# stats: dump at 1693249918
stats: users 10112 10513
stats: {cpu,"tsung_controller@MacBook-Pro-Pisklov"} 1 22.05703079247271 0.0 88.58319108344212 20.733417110538603 60.72403483352598 10
stats: {load,"tsung_controller@MacBook-Pro-Pisklov"} 1 12.296875 0.0 13.43359375 5.79296875 10.460546875 10
stats: {freemem,"tsung_controller@MacBook-Pro-Pisklov"} 1 143.875 0.0 143.875 27.953125 89.48125 10
stats: session 13197 6065.893007350165 12693.243520412503 104872.553 1.728 4652.382388055493 191921
stats: users_count 14528 215230
stats: finish_users_count 13197 205118
stats: connect 8844 1253.9026835142467 2684.1738935923954 22261.577 0.074 1999.5419222982146 99277
stats: error_send_einval 5 51
stats: request 8838 1819.1321197103464 3419.040421578068 30188.783 0.482 2611.053278958373 98538
stats: page 8838 1819.1321197103464 3419.040421578068 30188.783 0.482 2611.053278958373 98538
stats: 200 571 6929
stats: error_unknown_msg 5 51
stats: size_rcv 353424 4514261
stats: error_connect_emfile 18283 409403
stats: error_connection_closed 0 179
stats: size_sent 2563122 31291393
stats: connected 0 510
stats: error_connect_etimedout 2802 28657
stats: error_connect_econnreset 0 161
stats: error_abort_max_conn_retries 4419 96778
stats: error_abort_max_send_retries 1 5
# stats: dump at 1693249928
stats: users 10073 10513
stats: {cpu,"tsung_controller@MacBook-Pro-Pisklov"} 1 90.13102871480345 0.0 90.13102871480345 20.733417110538603 57.20885264797568 11
stats: {load,"tsung_controller@MacBook-Pro-Pisklov"} 1 11.890625 0.0 13.43359375 5.79296875 10.627485795454545 11
stats: {freemem,"tsung_controller@MacBook-Pro-Pisklov"} 1 161.5 0.0 161.5 27.953125 94.42613636363636 11
stats: session 13505 6580.4037887449185 13936.229789203358 104872.553 1.728 4743.325648241492 205118
stats: users_count 13466 228696
stats: finish_users_count 13505 218623
stats: page 7644 2120.3374076399814 3540.0054342536096 30188.783 0.482 2545.871122746239 107376
stats: request 7644 2120.3374076399814 3540.0054342536096 30188.783 0.482 2545.871122746239 107376
stats: connect 7712 1548.698233143147 2842.599637557169 22261.577 0.074 1938.5506862959078 108121
stats: error_send_einval 16 67
stats: 200 503 7432
stats: error_unknown_msg 16 67
stats: size_rcv 314259 4828520
stats: error_connect_emfile 27259 436662
stats: error_connection_closed 26 205
stats: size_sent 2223646 33515039
stats: connected 25 535
stats: error_connect_etimedout 2770 31427
stats: error_connect_econnreset 0 161
stats: error_abort_max_conn_retries 6112 102890
stats: error_abort_max_send_retries 0 5
# stats: dump at 1693249938
stats: users 9840 10513
stats: {cpu,"tsung_controller@MacBook-Pro-Pisklov"} 1 91.02576759798599 0.0 91.02576759798599 20.733417110538603 59.95236732021133 12
stats: {load,"tsung_controller@MacBook-Pro-Pisklov"} 1 11.2265625 0.0 13.43359375 5.79296875 10.732747395833334 12
stats: {freemem,"tsung_controller@MacBook-Pro-Pisklov"} 1 151.828125 0.0 161.5 27.953125 100.015625 12
stats: session 10725 9005.025149184208 15370.504387206181 104872.553 1.728 4856.807488155402 218623
stats: users_count 10492 239188
stats: finish_users_count 10725 229348
stats: page 7035 2050.0994073916145 4043.9945738346078 30188.783 0.482 2517.5910000000017 115020
stats: connect 7173 1255.3502782657133 2683.68216612236 22261.577 0.074 1912.5948523046093 115833
stats: error_send_einval 4 71
stats: request 7035 2050.0994073916145 4043.9945738346078 30188.783 0.482 2517.5910000000017 115020
stats: 200 540 7972
stats: error_unknown_msg 4 71
stats: size_rcv 354572 5183092
stats: error_connect_emfile 14831 451493
stats: error_connection_closed 1 206
stats: size_sent 2079661 35594700
stats: connected 134 669
stats: error_connect_etimedout 3793 35220
stats: error_connect_econnreset 0 161
stats: error_abort_max_conn_retries 3153 106043
stats: error_abort_max_send_retries 0 5
# stats: dump at 1693249948
stats: users 10325 10513
stats: {cpu,"tsung_controller@MacBook-Pro-Pisklov"} 1 87.8842495243817 0.0 91.02576759798599 20.733417110538603 62.34262888004015 13
stats: {load,"tsung_controller@MacBook-Pro-Pisklov"} 1 11.13671875 0.0 13.43359375 5.79296875 10.770733173076923 13
stats: {freemem,"tsung_controller@MacBook-Pro-Pisklov"} 1 100.5 0.0 161.5 27.953125 104.00120192307692 13
stats: session 9199 9733.172816610486 16912.3467184407 105767.434 1.728 5050.790581160504 229348
stats: users_count 9684 248872
stats: finish_users_count 9199 238547
stats: page 9313 1649.7300399441626 3273.876586140362 30188.783 0.482 2490.6457429109846 122055
stats: request 9313 1649.7300399441626 3273.876586140362 30188.783 0.482 2490.6457429109846 122055
stats: error_send_einval 2 73
stats: connect 9135 1046.4203819375978 2454.397009593707 22261.577 0.074 1874.268141984942 123006
stats: 200 484 8456
stats: error_unknown_msg 2 73
stats: size_rcv 304215 5487307
stats: error_connect_emfile 1170 452663
stats: error_connection_closed 3 209
stats: size_sent 2648993 38243693
stats: connected -182 487
stats: error_connect_etimedout 3124 38344
stats: error_connect_econnreset 0 161
stats: error_abort_max_conn_retries 479 106522
stats: error_abort_max_send_retries 0 5
# stats: dump at 1693249959
stats: users 9278 10513
stats: {cpu,"tsung_controller@MacBook-Pro-Pisklov"} 1 88.42917251051894 0.0 91.02576759798599 20.733417110538603 64.16703035463598 14
stats: {load,"tsung_controller@MacBook-Pro-Pisklov"} 1 11.69921875 0.0 13.43359375 5.79296875 10.796875 14
stats: {freemem,"tsung_controller@MacBook-Pro-Pisklov"} 1 145.96875 0.0 161.5 27.953125 103.75111607142857 14
stats: session 6928 14049.093228926096 19517.590773134743 105920.283 1.728 5231.355560740646 238547
stats: users_count 5881 254753
stats: finish_users_count 6928 245475
stats: connect 6660 1755.2941246246255 3358.9263217330727 22261.577 0.074 1817.0384457662628 132141
stats: page 6628 2559.863952926967 4155.432869779152 30188.783 0.482 2431.0311644616663 131368
stats: request 6628 2559.863952926967 4155.432869779152 30188.783 0.482 2431.0311644616663 131368
stats: error_send_einval 6 79
stats: 200 539 8995
stats: error_unknown_msg 6 79
stats: size_rcv 347289 5834596
stats: error_connect_emfile 3356 456019
stats: error_connection_closed 3 212
stats: size_sent 1928646 40172339
stats: connected 24 511
stats: error_connect_etimedout 3081 41425
stats: error_connect_econnreset 0 161
stats: error_abort_max_conn_retries 870 107392
stats: error_abort_max_send_retries 0 5
# stats: dump at 1693249969
stats: users 7673 10513
stats: {cpu,"tsung_controller@MacBook-Pro-Pisklov"} 1 91.23055162659122 0.0 91.23055162659122 20.733417110538603 65.78450649836151 15
stats: {load,"tsung_controller@MacBook-Pro-Pisklov"} 1 14.7578125 0.0 14.7578125 5.79296875 10.85703125 15
stats: {freemem,"tsung_controller@MacBook-Pro-Pisklov"} 1 61.890625 0.0 161.5 27.953125 106.565625 15
stats: session 7153 16285.608002516517 20597.68554486035 105920.283 1.728 5480.217100877886 245475
stats: users_count 5548 260301
stats: finish_users_count 7153 252628
stats: error_send_einval 6 85
stats: request 6876 2036.7174360093013 3873.641827853303 30188.783 0.482 2437.2190519507817 137996
stats: connect 6890 1285.0932625544315 2856.788497524995 22261.577 0.074 1814.075807321271 138801
stats: page 6876 2036.7174360093013 3873.641827853303 30188.783 0.482 2437.2190519507817 137996
stats: 200 511 9506
stats: error_unknown_msg 6 85
stats: size_rcv 327034 6161630
stats: error_connect_emfile 0 456019
stats: error_connection_closed 7 219
stats: size_sent 1994494 42166833
stats: connected -1 510
stats: error_connect_etimedout 3727 45152
stats: error_connect_econnreset 0 161
stats: error_abort_max_conn_retries 275 107667
stats: error_abort_max_send_retries 0 5
# stats: dump at 1693249978
stats: users 7077 10513
stats: {cpu,"tsung_controller@MacBook-Pro-Pisklov"} 1 90.49667945000468 0.0 91.23055162659122 20.733417110538603 67.37488431887587 16
stats: {load,"tsung_controller@MacBook-Pro-Pisklov"} 1 17.05859375 0.0 17.05859375 5.79296875 11.100830078125 16
stats: {freemem,"tsung_controller@MacBook-Pro-Pisklov"} 1 85.21875 0.0 161.5 27.953125 103.7734375 16
stats: session 6060 14735.658830528106 19298.920400162744 105920.283 1.678 5786.164822901656 252628
stats: users_count 5464 265765
stats: finish_users_count 6060 258688
stats: request 5330 1829.3345917448446 3715.3389575041656 30188.783 0.482 2418.2102088947486 144872
stats: connect 5344 952.7765864520942 2367.5441496119147 22261.577 0.074 1789.0592329725223 145691
stats: page 5330 1829.3345917448446 3715.3389575041656 30188.783 0.482 2418.2102088947486 144872
stats: error_send_einval 9 94
stats: 200 457 9963
stats: error_unknown_msg 9 94
stats: size_rcv 298020 6459650
stats: error_connect_emfile 0 456019
stats: error_connection_closed 10 229
stats: size_sent 1543567 43710400
stats: connected -3 507
stats: error_connect_etimedout 2634 47786
stats: error_connect_econnreset 0 161
stats: error_abort_max_conn_retries 134 107801
stats: error_abort_max_send_retries 0 5
# stats: dump at 1693249988
stats: users 7947 10513
stats: {cpu,"tsung_controller@MacBook-Pro-Pisklov"} 1 92.26613306653326 0.0 92.26613306653326 20.733417110538603 68.73498991482462 17
stats: {load,"tsung_controller@MacBook-Pro-Pisklov"} 1 16.65234375 0.0 17.05859375 5.79296875 11.451286764705882 17
stats: {freemem,"tsung_controller@MacBook-Pro-Pisklov"} 1 116.15625 0.0 161.5 27.953125 102.68198529411765 17
stats: session 6208 12312.047033988449 20302.294659673393 105980.945 1.678 5995.814801587239 258688
stats: users_count 7078 272843
stats: finish_users_count 6208 264896
stats: request 6710 2117.2296296572067 3790.051995213333 30188.783 0.482 2397.313636016831 150202
stats: connect 6737 1251.6084818168376 2654.3345105760945 22261.577 0.074 1759.4694394610503 151035
stats: page 6710 2117.2296296572067 3790.051995213333 30188.783 0.482 2397.313636016831 150202
stats: error_send_einval 12 106
stats: 200 585 10548
stats: error_unknown_msg 12 106
stats: size_rcv 372732 6832382
stats: error_connect_emfile 0 456019
stats: error_connection_closed 7 236
stats: size_sent 1947649 45658049
stats: connected 6 513
stats: error_connect_etimedout 2369 50155
stats: error_connect_econnreset 0 161
stats: error_abort_max_conn_retries 72 107873
stats: error_abort_max_send_retries 0 5
# stats: dump at 1693249998
stats: users 8037 10513
stats: {cpu,"tsung_controller@MacBook-Pro-Pisklov"} 1 91.19238476953907 0.0 92.26613306653326 20.733417110538603 70.0422756454751 18
stats: {load,"tsung_controller@MacBook-Pro-Pisklov"} 1 18.15625 0.0 18.15625 5.79296875 11.740234375 18
stats: {freemem,"tsung_controller@MacBook-Pro-Pisklov"} 1 102.09375 0.0 161.5 27.953125 103.43055555555556 18
stats: session 6413 13798.772294557935 20060.92703859161 105980.945 1.678 6143.839572435975 264896
stats: users_count 6503 279346
stats: finish_users_count 6413 271309
stats: request 6108 3558.5888593647746 5861.48131850011 30188.783 0.482 2385.3364533751396 156912
stats: page 6108 3558.5888593647746 5861.48131850011 30188.783 0.482 2385.3364533751396 156912
stats: connect 6125 2851.542550693897 5620.728993699731 22261.577 0.074 1737.7833400793534 157772
stats: error_send_einval 7 113
stats: 200 500 11048
stats: error_unknown_msg 7 113
stats: size_rcv 312823 7145205
stats: error_connect_emfile 0 456019
stats: error_connection_closed 9 245
stats: size_sent 1772443 47430492
stats: connected 1 514
stats: error_connect_etimedout 2289 52444
stats: error_connect_econnreset 0 161
stats: error_abort_max_conn_retries 68 107941
stats: error_abort_max_send_retries 0 5
# stats: dump at 1693250008
stats: users 7224 10513
stats: {cpu,"tsung_controller@MacBook-Pro-Pisklov"} 1 87.68108989734242 0.0 92.26613306653326 20.733417110538603 71.15543928358373 19
stats: {load,"tsung_controller@MacBook-Pro-Pisklov"} 1 16.66015625 0.0 18.15625 5.79296875 12.077919407894736 19
stats: {freemem,"tsung_controller@MacBook-Pro-Pisklov"} 1 151.328125 0.0 161.5 27.953125 103.36019736842105 19
stats: session 8236 13107.257556702307 18422.150818892937 105980.945 1.678 6324.781168722749 271309
stats: users_count 7423 286769
stats: finish_users_count 8236 279545
stats: request 8134 6872.548032825149 8406.874577115948 30188.783 0.482 2429.2956344313575 163020
stats: connect 8139 6343.57366592947 8424.947443047435 22261.577 0.074 1779.4056709640804 163897
stats: page 8134 6872.548032825149 8406.874577115948 30188.783 0.482 2429.2956344313575 163020
stats: error_send_einval 4 117
stats: 200 564 11612
stats: error_unknown_msg 4 117
stats: size_rcv 335297 7480502
stats: error_connect_emfile 0 456019
stats: error_connection_closed 5 250
stats: size_sent 2360019 49790511
stats: connected -4 510
stats: error_connect_etimedout 1178 53622
stats: error_connect_econnreset 0 161
stats: error_abort_max_conn_retries 39 107980
stats: error_abort_max_send_retries 0 5
# stats: dump at 1693250019
stats: users 8450 10513
stats: {cpu,"tsung_controller@MacBook-Pro-Pisklov"} 1 89.74307707687693 0.0 92.26613306653326 20.733417110538603 71.98172181427167 20
stats: {load,"tsung_controller@MacBook-Pro-Pisklov"} 1 16.5390625 0.0 18.15625 5.79296875 12.30703125 20
stats: {freemem,"tsung_controller@MacBook-Pro-Pisklov"} 1 81.5 0.0 161.5 27.953125 105.75859375 20
stats: session 6223 11700.002080829152 17727.5135527033 108859.372 1.678 6524.607584975587 279545
stats: users_count 7449 294218
stats: finish_users_count 6223 285768
stats: connect 6500 4942.028230923105 7817.383453768388 22261.577 0.074 1995.3358443639695 172036
stats: request 6494 5903.900944872168 8186.697200951931 30188.783 0.482 2640.458768267172 171154
stats: error_send_einval 4 121
stats: page 6494 5903.900944872168 8186.697200951931 30188.783 0.482 2640.458768267172 171154
stats: 200 571 12183
stats: error_unknown_msg 4 121
stats: size_rcv 374786 7855288
stats: error_connect_emfile 0 456019
stats: error_connection_closed 1 251
stats: size_sent 1881980 51672491
stats: connected 1 511
stats: error_connect_etimedout 1212 54834
stats: error_connect_econnreset 0 161
stats: error_abort_max_conn_retries 14 107994
stats: error_abort_max_send_retries 0 5
# stats: dump at 1693250028
stats: users 8188 10513
stats: {cpu,"tsung_controller@MacBook-Pro-Pisklov"} 1 86.89724310776943 0.0 92.26613306653326 20.733417110538603 72.82750063630048 21
stats: {load,"tsung_controller@MacBook-Pro-Pisklov"} 1 15.96484375 0.0 18.15625 5.79296875 12.508556547619047 21
stats: {freemem,"tsung_controller@MacBook-Pro-Pisklov"} 1 65.234375 0.0 161.5 27.953125 104.60342261904762 21
stats: session 6933 11763.450254291061 16589.803725708713 108859.372 1.678 6637.309076912042 285768
stats: users_count 6671 300889
stats: finish_users_count 6933 292701
stats: request 6208 4633.637882248706 7037.8134044193985 30188.783 0.482 2759.7553181572516 177648
stats: error_send_einval 6 127
stats: connect 6216 3886.885990669232 6728.656736456054 22261.577 0.074 2102.616731762782 178536
stats: page 6208 4633.637882248706 7037.8134044193985 30188.783 0.482 2759.7553181572516 177648
stats: 200 504 12687
stats: error_unknown_msg 6 127
stats: size_rcv 340373 8195661
stats: error_connect_emfile 0 456019
stats: error_connection_closed 4 255
stats: size_sent 1798471 53470962
stats: connected -2 509
stats: error_connect_etimedout 1584 56418
stats: error_connect_econnreset 0 161
stats: error_abort_max_conn_retries 19 108013
stats: error_abort_max_send_retries 0 5
# stats: dump at 1693250038
stats: users 6795 10513
stats: {cpu,"tsung_controller@MacBook-Pro-Pisklov"} 1 88.23823823823824 0.0 92.26613306653326 20.733417110538603 73.46703438500361 22
stats: {load,"tsung_controller@MacBook-Pro-Pisklov"} 1 15.66796875 0.0 18.15625 5.79296875 12.665660511363637 22
stats: {freemem,"tsung_controller@MacBook-Pro-Pisklov"} 1 41.984375 0.0 161.5 27.953125 102.81392045454545 22
stats: session 8235 11779.38837109898 15176.712591936974 108859.372 1.678 6758.728329947627 292701
stats: users_count 6842 307731
stats: finish_users_count 8235 300936
stats: request 8417 6943.76955720569 8665.286013260726 30188.783 0.482 2823.028004160862 183856
stats: connect 8429 6486.063854787006 8683.779007200834 22261.577 0.074 2162.6486540876417 184752
stats: page 8417 6943.76955720569 8665.286013260726 30188.783 0.482 2823.028004160862 183856
stats: error_send_einval 8 135
stats: 200 567 13254
stats: error_unknown_msg 8 135
stats: size_rcv 364856 8560517
stats: error_connect_emfile 0 456019
stats: error_connection_closed 4 259
stats: size_sent 2441022 55911984
stats: connected 0 509
stats: error_connect_etimedout 1648 58066
stats: error_connect_econnreset 0 161
stats: error_abort_max_conn_retries 14 108027
stats: error_abort_max_send_retries 0 5
# stats: dump at 1693250048
stats: users 8838 10513
stats: {cpu,"tsung_controller@MacBook-Pro-Pisklov"} 1 87.34075634466846 0.0 92.26613306653326 20.733417110538603 74.10926063949206 23
stats: {load,"tsung_controller@MacBook-Pro-Pisklov"} 1 15.41796875 0.0 18.15625 5.79296875 12.796195652173912 23
stats: {freemem,"tsung_controller@MacBook-Pro-Pisklov"} 1 58.8125 0.0 161.5 27.953125 100.16915760869566 23
stats: session 6451 8436.717228181657 14011.817641517982 108859.372 1.678 6896.116796062952 300936
stats: users_count 8494 316225
stats: finish_users_count 6451 307387
stats: connect 6714 3309.361090705986 6515.733162162987 22261.577 0.074 2351.2907396276014 193181
stats: page 6708 4395.818642963627 7471.980818489674 30188.783 0.482 3003.4188112527486 192273
stats: error_send_einval 2 137
stats: request 6708 4395.818642963627 7471.980818489674 30188.783 0.482 3003.4188112527486 192273
stats: 200 550 13804
stats: error_unknown_msg 2 137
stats: size_rcv 357546 8918063
stats: error_connect_emfile 0 456019
stats: error_connection_closed 0 259
stats: size_sent 1947160 57859144
stats: connected 4 513
stats: error_connect_etimedout 1122 59188
stats: error_connect_econnreset 0 161
stats: error_abort_max_conn_retries 5 108032
stats: error_abort_max_send_retries 0 5
# stats: dump at 1693250058
stats: users 8053 10513
stats: {cpu,"tsung_controller@MacBook-Pro-Pisklov"} 1 88.49158653846155 0.0 92.26613306653326 20.733417110538603 74.66057296054107 24
stats: {load,"tsung_controller@MacBook-Pro-Pisklov"} 1 16.06640625 0.0 18.15625 5.79296875 12.905436197916666 24
stats: {freemem,"tsung_controller@MacBook-Pro-Pisklov"} 1 59.484375 0.0 161.5 27.953125 98.44596354166667 24
stats: session 6219 13476.519475960791 16497.284224149153 108859.372 1.678 6928.44872092509 307387
stats: users_count 5434 321659
stats: finish_users_count 6219 313606
stats: page 6290 4619.564391096988 6608.404653999168 30188.783 0.482 3050.3590621868407 198981
stats: request 6290 4619.564391096988 6608.404653999168 30188.783 0.482 3050.3590621868407 198981
stats: connect 6294 3969.867561328238 6468.575557763919 22261.577 0.074 2383.470055454112 199895
stats: error_send_einval 7 144
stats: 200 520 14324
stats: error_unknown_msg 7 144
stats: size_rcv 345239 9263302
stats: error_connect_emfile 0 456019
stats: error_connection_closed 0 259
stats: size_sent 1822602 59681746
stats: connected -3 510
stats: error_connect_etimedout 2519 61707
stats: error_connect_econnreset 13 174
stats: error_abort_max_conn_retries 22 108054
stats: error_abort_max_send_retries 0 5
# stats: dump at 1693250069
stats: users 7414 10513
stats: {cpu,"tsung_controller@MacBook-Pro-Pisklov"} 1 92.43394715772618 0.0 92.43394715772618 20.733417110538603 75.21381350365789 25
stats: {load,"tsung_controller@MacBook-Pro-Pisklov"} 1 15.06640625 0.0 18.15625 5.79296875 13.031875 25
stats: {freemem,"tsung_controller@MacBook-Pro-Pisklov"} 1 54.078125 0.0 161.5 27.953125 96.8875 25
stats: session 7601 10999.781656097892 14935.143506788734 108859.372 1.678 7058.3009942411845 313606
stats: users_count 6962 328621
stats: finish_users_count 7601 321207
stats: request 7739 6217.728660033569 8516.625097189557 30188.783 0.482 3098.443309444587 205271
stats: error_send_einval 5 149
stats: connect 7733 5459.329653821283 8331.380920884403 22261.577 0.074 2431.895460795676 206189
stats: 200 556 14880
stats: page 7739 6217.728660033569 8516.625097189557 30188.783 0.482 3098.443309444587 205271
stats: error_unknown_msg 5 149
stats: size_rcv 350613 9613915
stats: error_connect_emfile 0 456019
stats: error_connection_closed 2 261
stats: size_sent 2241821 61923567
stats: connected -11 499
stats: error_connect_etimedout 1200 62907
stats: error_connect_econnreset 0 174
stats: error_abort_max_conn_retries 2 108056
stats: error_abort_max_send_retries 0 5
# stats: dump at 1693250078
stats: users 8909 10513
stats: {cpu,"tsung_controller@MacBook-Pro-Pisklov"} 1 86.4748345698817 0.0 92.43394715772618 20.733417110538603 75.87612633650667 26
stats: {load,"tsung_controller@MacBook-Pro-Pisklov"} 1 14.765625 0.0 18.15625 5.79296875 13.110126201923077 26
stats: {freemem,"tsung_controller@MacBook-Pro-Pisklov"} 1 81.984375 0.0 161.5 27.953125 95.24098557692308 26
stats: session 5346 10892.451769360281 16064.586718887018 108859.372 1.678 7151.571671750618 321207
stats: users_count 6841 335462
stats: finish_users_count 5346 326553
stats: request 4886 2907.2878571428464 5456.924050257736 30188.783 0.482 3211.7720232524275 213010
stats: error_send_einval 2 151
stats: connect 4905 1765.7225029561685 4253.493887883706 22261.577 0.074 2541.3332400547843 213922
stats: page 4886 2907.2878571428464 5456.924050257736 30188.783 0.482 3211.7720232524275 213010
stats: 200 503 15383
stats: error_unknown_msg 2 151
stats: size_rcv 339423 9953338
stats: error_connect_emfile 0 456019
stats: error_connection_closed 1 262
stats: size_sent 1421783 63345350
stats: connected 14 513
stats: error_connect_etimedout 2035 64942
stats: error_connect_econnreset 0 174
stats: error_abort_max_conn_retries 7 108063
stats: error_abort_max_send_retries 0 5
# stats: dump at 1693250088
stats: users 7839 10513
stats: {cpu,"tsung_controller@MacBook-Pro-Pisklov"} 1 88.34183928750126 0.0 92.43394715772618 20.733417110538603 76.26867108589093 27
stats: {load,"tsung_controller@MacBook-Pro-Pisklov"} 1 13.64453125 0.0 18.15625 5.79296875 13.171440972222221 27
stats: {freemem,"tsung_controller@MacBook-Pro-Pisklov"} 1 21.21875 0.0 161.5 21.21875 94.75 27
stats: session 8177 11909.159426562324 16359.524686633718 108859.372 1.678 7212.8136294169735 326553
stats: users_count 7107 342569
stats: finish_users_count 8177 334730
stats: request 8476 5025.777275247737 7257.632219309141 30188.783 0.482 3204.9444099157377 217896
stats: error_send_einval 10 161
stats: connect 8484 4482.691255304106 7255.532805167956 22261.577 0.074 2523.9479509201315 218827
stats: page 8476 5025.777275247737 7257.632219309141 30188.783 0.482 3204.9444099157377 217896
stats: 200 581 15964
stats: error_unknown_msg 10 161
stats: size_rcv 366135 10319473
stats: error_connect_emfile 0 456019
stats: error_connection_closed 1 263
stats: size_sent 2457127 65802477
stats: connected -3 510
stats: error_connect_etimedout 1890 66832
stats: error_connect_econnreset 5 179
stats: error_abort_max_conn_retries 9 108072
stats: error_abort_max_send_retries 0 5
# stats: dump at 1693250098
stats: users 5012 10513
stats: {cpu,"tsung_controller@MacBook-Pro-Pisklov"} 1 80.33837220943037 0.0 92.43394715772618 20.733417110538603 76.69985566451987 28
stats: {load,"tsung_controller@MacBook-Pro-Pisklov"} 1 12.39453125 0.0 18.15625 5.79296875 13.188337053571429 28
stats: {freemem,"tsung_controller@MacBook-Pro-Pisklov"} 1 94.5 0.0 161.5 21.21875 92.12388392857143 28
stats: session 2846 22456.396049191793 13824.69144997421 108859.372 1.678 7327.538988910468 334730
stats: users_count 19 342588
stats: finish_users_count 2846 337576
stats: request 2932 12631.10518246929 8084.149460386215 30188.783 0.482 3273.1214784867357 226372
stats: page 2932 12631.10518246929 8084.149460386215 30188.783 0.482 3273.1214784867357 226372
stats: error_send_einval 3 164
stats: connect 2905 12177.115090877764 8646.26991829137 22261.577 0.074 2597.054743791544 227311
stats: 200 512 16476
stats: error_unknown_msg 3 164
stats: size_rcv 344697 10664170
stats: error_connect_emfile 0 456019
stats: error_connection_closed 21 284
stats: size_sent 834998 66637475
stats: connected -51 459
stats: error_connect_etimedout 1025 67857
stats: error_connect_econnreset 21 200
stats: error_abort_max_conn_retries 1 108073
stats: error_abort_max_send_retries 0 5
# stats: dump at 1693250108
stats: users 3121 10513
stats: {cpu,"tsung_controller@MacBook-Pro-Pisklov"} 1 74.26514105346223 0.0 92.43394715772618 20.733417110538603 76.82532175227541 29
stats: {load,"tsung_controller@MacBook-Pro-Pisklov"} 1 11.890625 0.0 18.15625 5.79296875 13.160964439655173 29
stats: {freemem,"tsung_controller@MacBook-Pro-Pisklov"} 1 44.703125 0.0 161.5 21.21875 92.20581896551724 29
stats: session 1891 36744.49644103643 17923.642527581113 108859.372 1.678 7455.08575524919 337576
stats: users_count 0 342588
stats: finish_users_count 1891 339467
stats: request 1740 5932.949847126432 9153.437425887265 30188.783 0.482 3392.7775168466287 229304
stats: connect 1794 1232.9353483834989 4405.771422724299 22261.577 0.074 2717.9415427468093 230216
stats: page 1740 5932.949847126432 9153.437425887265 30188.783 0.482 3392.7775168466287 229304
stats: error_send_einval 3 167
stats: 200 569 17045
stats: error_unknown_msg 3 167
stats: size_rcv 363350 11027520
stats: error_connect_emfile 0 456019
stats: error_connection_closed 0 284
stats: size_sent 519329 67156804
stats: connected 51 510
stats: error_connect_etimedout 2706 70563
stats: error_connect_econnreset 0 200
stats: error_abort_max_conn_retries 34 108107
stats: error_abort_max_send_retries 0 5
# stats: dump at 1693250118
stats: users 801 10513
stats: {cpu,"tsung_controller@MacBook-Pro-Pisklov"} 1 70.27487961476726 0.0 92.43394715772618 20.733417110538603 76.7399823956483 30
stats: {load,"tsung_controller@MacBook-Pro-Pisklov"} 1 11.88671875 0.0 18.15625 5.79296875 13.118619791666667 30
stats: {freemem,"tsung_controller@MacBook-Pro-Pisklov"} 1 220.328125 0.0 220.328125 21.21875 90.62239583333333 30
stats: session 2320 37971.30695862068 15804.58867236445 108859.372 1.678 7618.24233779425 339467
stats: users_count 0 342588
stats: finish_users_count 2320 341787
stats: request 2430 5826.77824609053 6302.574650702343 30188.783 0.482 3411.9076386186152 231044
stats: error_send_einval 7 174
stats: connect 2313 4206.518623865111 5918.290057791571 22261.577 0.074 2706.458843239513 232010
stats: page 2430 5826.77824609053 6302.574650702343 30188.783 0.482 3411.9076386186152 231044
stats: 200 633 17678
stats: error_unknown_msg 7 174
stats: size_rcv 430592 11458112
stats: error_connect_emfile 0 456019
stats: error_connection_closed 14 298
stats: size_sent 663320 67820124
stats: connected -138 372
stats: error_connect_etimedout 1462 72025
stats: error_connect_econnreset 90 290
stats: error_abort_max_conn_retries 16 108123
stats: error_abort_max_send_retries 0 5
# stats: dump at 1693250128
stats: users 186 10513
stats: {cpu,"tsung_controller@MacBook-Pro-Pisklov"} 1 64.4667000500751 0.0 92.43394715772618 20.733417110538603 76.53143069303923 31
stats: {load,"tsung_controller@MacBook-Pro-Pisklov"} 1 11.21484375 0.0 18.15625 5.79296875 13.078881048387096 31
stats: {freemem,"tsung_controller@MacBook-Pro-Pisklov"} 1 146.578125 0.0 220.328125 21.21875 94.80645161290323 31
stats: session 615 52026.010598373956 16723.266606618607 108859.372 1.678 7824.274486238507 341787
stats: users_count 0 342588
stats: finish_users_count 615 342402
stats: request 617 13692.825022690451 7355.660260127779 30188.783 0.482 3437.0416388762746 233474
stats: connect 437 12457.025016018311 7261.225430404948 22261.577 0.074 2721.26591839896 234323
stats: page 617 13692.825022690451 7355.660260127779 30188.783 0.482 3437.0416388762746 233474
stats: error_send_einval 0 174
stats: 200 617 18295
stats: error_unknown_msg 0 174
stats: size_rcv 403734 11861846
stats: error_connect_emfile 0 456019
stats: error_connection_closed 0 298
stats: size_sent 126860 67946984
stats: connected -180 192
stats: error_connect_etimedout 91 72116
stats: error_connect_econnreset 0 290
stats: error_abort_max_conn_retries 1 108124
stats: error_abort_max_send_retries 0 5
# stats: dump at 1693250138
stats: users 0 10513
stats: {cpu,"tsung_controller@MacBook-Pro-Pisklov"} 1 35.074552186530575 0.0 92.43394715772618 20.733417110538603 76.1544078604466 32
stats: {load,"tsung_controller@MacBook-Pro-Pisklov"} 1 11.30078125 0.0 18.15625 5.79296875 13.0206298828125 32
stats: {freemem,"tsung_controller@MacBook-Pro-Pisklov"} 1 219.71875 0.0 220.328125 21.21875 96.42431640625 32
stats: session 186 53108.731381720456 14911.882252285477 108859.372 1.678 7903.666743611313 342402
stats: users_count 0 342588
stats: finish_users_count 186 342588
stats: request 194 21022.767056701003 3951.1179176178225 30188.783 0.482 3464.0730853984105 234091
stats: connect 2 0.9895 0.4595 22261.577 0.074 2739.3887959149747 234760
stats: page 194 21022.767056701003 3951.1179176178225 30188.783 0.482 3464.0730853984105 234091
stats: error_send_einval 0 174
stats: 200 194 18489
stats: error_unknown_msg 0 174
stats: size_rcv 129685 11991531
stats: error_connect_emfile 0 456019
stats: error_connection_closed 0 298
stats: size_sent 576 67947560
stats: connected -192 0
stats: error_connect_etimedout 2 72118
stats: error_connect_econnreset 0 290
stats: error_abort_max_conn_retries 0 108124
stats: error_abort_max_send_retries 0 5
# stats: dump at 1693250148
stats: users 0 10513
stats: {cpu,"tsung_controller@MacBook-Pro-Pisklov"} 1 13.900539245056919 0.0 92.43394715772618 13.900539245056919 74.9095637491158 33
stats: {load,"tsung_controller@MacBook-Pro-Pisklov"} 1 9.95703125 0.0 18.15625 5.79296875 12.968513257575758 33
stats: {freemem,"tsung_controller@MacBook-Pro-Pisklov"} 1 91.890625 0.0 220.328125 21.21875 100.16051136363636 33
stats: session 0 0 0 108859.372 1.678 7928.209757443346 342588
stats: users_count 0 342588
stats: finish_users_count 0 342588
stats: request 0 0 0 30188.783 0.482 3478.6125848560487 234285
stats: connect 0 0 0 22261.577 0.074 2739.3654667620804 234762
stats: page 0 0 0 30188.783 0.482 3478.6125848560487 234285
stats: error_send_einval 0 174
stats: 200 0 18489
stats: error_unknown_msg 0 174
stats: size_rcv 0 11991531
stats: error_connect_emfile 0 456019
stats: error_connection_closed 0 298
stats: size_sent 0 67947560
stats: connected 0 0
stats: error_connect_etimedout 0 72118
stats: error_connect_econnreset 0 290
stats: error_abort_max_conn_retries 0 108124
stats: error_abort_max_send_retries 0 5
# stats: dump at 1693250149
stats: users 0 10513
stats: {cpu,"tsung_controller@MacBook-Pro-Pisklov"} 0 0 0 92.43394715772618 13.900539245056919 73.11518067546702 34
stats: {load,"tsung_controller@MacBook-Pro-Pisklov"} 0 0 0 18.15625 5.79296875 12.879940257352942 34
stats: {freemem,"tsung_controller@MacBook-Pro-Pisklov"} 0 0 0 220.328125 21.21875 99.91727941176471 34
stats: session 0 0 0 108859.372 1.678 7928.209757443346 342588
stats: users_count 0 342588
stats: finish_users_count 0 342588
stats: request 0 0 0 30188.783 0.482 3478.6125848560487 234285
stats: connect 0 0 0 22261.577 0.074 2739.3654667620804 234762
stats: page 0 0 0 30188.783 0.482 3478.6125848560487 234285
stats: error_send_einval 0 174
stats: 200 0 18489
stats: error_unknown_msg 0 174
stats: size_rcv 0 11991531
stats: error_connect_emfile 0 456019
stats: error_connection_closed 0 298
stats: size_sent 0 67947560
stats: connected 0 0
stats: error_connect_etimedout 0 72118
stats: error_connect_econnreset 0 290
stats: error_abort_max_conn_retries 0 108124
stats: error_abort_max_send_retries 0 5
EndMonitor:{1693,250149,219889}
